CRITICAL - 2022-03-24 02:28:32 --> Class name must be a valid object or a string
#0 C:\xampp\htdocs\Live-Coding\system\Config\BaseService.php(248): Myth\Auth\Config\Services::activator(Object(Myth\Auth\Config\Auth), false)
#1 C:\xampp\htdocs\Live-Coding\system\Config\BaseService.php(189): CodeIgniter\Config\BaseService::__callStatic('activator', Array)
#2 C:\xampp\htdocs\Live-Coding\vendor\myth\auth\src\Config\Services.php(86): CodeIgniter\Config\BaseService::getSharedInstance('activator', NULL)
#3 C:\xampp\htdocs\Live-Coding\system\Config\BaseService.php(248): Myth\Auth\Config\Services::activator()
#4 C:\xampp\htdocs\Live-Coding\system\Common.php(929): CodeIgniter\Config\BaseService::__callStatic('activator', Array)
#5 C:\xampp\htdocs\Live-Coding\vendor\myth\auth\src\Controllers\AuthController.php(195): service('activator')
#6 C:\xampp\htdocs\Live-Coding\system\CodeIgniter.php(832): Myth\Auth\Controllers\AuthController->attemptRegister()
#7 C:\xampp\htdocs\Live-Coding\system\CodeIgniter.php(419): CodeIgniter\CodeIgniter->runController(Object(Myth\Auth\Controllers\AuthController))
#8 C:\xampp\htdocs\Live-Coding\system\CodeIgniter.php(326): CodeIgniter\CodeIgniter->handleRequest(NULL, Object(Config\Cache), false)
#9 C:\xampp\htdocs\Live-Coding\public\index.php(37): CodeIgniter\CodeIgniter->run()
#10 C:\xampp\htdocs\Live-Coding\system\Commands\Server\rewrite.php(43): require_once('C:\\xampp\\htdocs...')
#11 {main}
CRITICAL - 2022-03-24 03:02:34 --> Class name must be a valid object or a string
#0 C:\xampp\htdocs\Live-Coding\system\Config\BaseService.php(248): Myth\Auth\Config\Services::activator(Object(Myth\Auth\Config\Auth), false)
#1 C:\xampp\htdocs\Live-Coding\system\Config\BaseService.php(189): CodeIgniter\Config\BaseService::__callStatic('activator', Array)
#2 C:\xampp\htdocs\Live-Coding\vendor\myth\auth\src\Config\Services.php(86): CodeIgniter\Config\BaseService::getSharedInstance('activator', NULL)
#3 C:\xampp\htdocs\Live-Coding\system\Config\BaseService.php(248): Myth\Auth\Config\Services::activator()
#4 C:\xampp\htdocs\Live-Coding\system\Common.php(929): CodeIgniter\Config\BaseService::__callStatic('activator', Array)
#5 C:\xampp\htdocs\Live-Coding\vendor\myth\auth\src\Controllers\AuthController.php(195): service('activator')
#6 C:\xampp\htdocs\Live-Coding\system\CodeIgniter.php(832): Myth\Auth\Controllers\AuthController->attemptRegister()
#7 C:\xampp\htdocs\Live-Coding\system\CodeIgniter.php(419): CodeIgniter\CodeIgniter->runController(Object(Myth\Auth\Controllers\AuthController))
#8 C:\xampp\htdocs\Live-Coding\system\CodeIgniter.php(326): CodeIgniter\CodeIgniter->handleRequest(NULL, Object(Config\Cache), false)
#9 C:\xampp\htdocs\Live-Coding\public\index.php(37): CodeIgniter\CodeIgniter->run()
#10 C:\xampp\htdocs\Live-Coding\system\Commands\Server\rewrite.php(43): require_once('C:\\xampp\\htdocs...')
#11 {main}
CRITICAL - 2022-03-24 03:10:38 --> Class name must be a valid object or a string
#0 C:\xampp\htdocs\Live-Coding\system\Config\BaseService.php(248): Myth\Auth\Config\Services::activator(Object(Myth\Auth\Config\Auth), false)
#1 C:\xampp\htdocs\Live-Coding\system\Config\BaseService.php(189): CodeIgniter\Config\BaseService::__callStatic('activator', Array)
#2 C:\xampp\htdocs\Live-Coding\vendor\myth\auth\src\Config\Services.php(86): CodeIgniter\Config\BaseService::getSharedInstance('activator', NULL)
#3 C:\xampp\htdocs\Live-Coding\system\Config\BaseService.php(248): Myth\Auth\Config\Services::activator()
#4 C:\xampp\htdocs\Live-Coding\system\Common.php(929): CodeIgniter\Config\BaseService::__callStatic('activator', Array)
#5 C:\xampp\htdocs\Live-Coding\vendor\myth\auth\src\Controllers\AuthController.php(195): service('activator')
#6 C:\xampp\htdocs\Live-Coding\system\CodeIgniter.php(832): Myth\Auth\Controllers\AuthController->attemptRegister()
#7 C:\xampp\htdocs\Live-Coding\system\CodeIgniter.php(419): CodeIgniter\CodeIgniter->runController(Object(Myth\Auth\Controllers\AuthController))
#8 C:\xampp\htdocs\Live-Coding\system\CodeIgniter.php(326): CodeIgniter\CodeIgniter->handleRequest(NULL, Object(Config\Cache), false)
#9 C:\xampp\htdocs\Live-Coding\public\index.php(37): CodeIgniter\CodeIgniter->run()
#10 C:\xampp\htdocs\Live-Coding\system\Commands\Server\rewrite.php(43): require_once('C:\\xampp\\htdocs...')
#11 {main}
CRITICAL - 2022-03-24 03:12:24 --> Call to a member function send() on null
#0 C:\xampp\htdocs\Live-Coding\system\CodeIgniter.php(832): Myth\Auth\Controllers\AuthController->attemptRegister()
#1 C:\xampp\htdocs\Live-Coding\system\CodeIgniter.php(419): CodeIgniter\CodeIgniter->runController(Object(Myth\Auth\Controllers\AuthController))
#2 C:\xampp\htdocs\Live-Coding\system\CodeIgniter.php(326): CodeIgniter\CodeIgniter->handleRequest(NULL, Object(Config\Cache), false)
#3 C:\xampp\htdocs\Live-Coding\public\index.php(37): CodeIgniter\CodeIgniter->run()
#4 C:\xampp\htdocs\Live-Coding\system\Commands\Server\rewrite.php(43): require_once('C:\\xampp\\htdocs...')
#5 {main}
CRITICAL - 2022-03-24 03:13:14 --> Call to a member function send() on null
#0 C:\xampp\htdocs\Live-Coding\system\CodeIgniter.php(832): Myth\Auth\Controllers\AuthController->attemptRegister()
#1 C:\xampp\htdocs\Live-Coding\system\CodeIgniter.php(419): CodeIgniter\CodeIgniter->runController(Object(Myth\Auth\Controllers\AuthController))
#2 C:\xampp\htdocs\Live-Coding\system\CodeIgniter.php(326): CodeIgniter\CodeIgniter->handleRequest(NULL, Object(Config\Cache), false)
#3 C:\xampp\htdocs\Live-Coding\public\index.php(37): CodeIgniter\CodeIgniter->run()
#4 C:\xampp\htdocs\Live-Coding\system\Commands\Server\rewrite.php(43): require_once('C:\\xampp\\htdocs...')
#5 {main}
CRITICAL - 2022-03-24 03:16:46 --> Call to a member function send() on null
#0 C:\xampp\htdocs\Live-Coding\system\CodeIgniter.php(832): Myth\Auth\Controllers\AuthController->attemptRegister()
#1 C:\xampp\htdocs\Live-Coding\system\CodeIgniter.php(419): CodeIgniter\CodeIgniter->runController(Object(Myth\Auth\Controllers\AuthController))
#2 C:\xampp\htdocs\Live-Coding\system\CodeIgniter.php(326): CodeIgniter\CodeIgniter->handleRequest(NULL, Object(Config\Cache), false)
#3 C:\xampp\htdocs\Live-Coding\public\index.php(37): CodeIgniter\CodeIgniter->run()
#4 C:\xampp\htdocs\Live-Coding\system\Commands\Server\rewrite.php(43): require_once('C:\\xampp\\htdocs...')
#5 {main}
