CRITICAL - 2022-03-21 12:25:56 --> The framework needs the following extension(s) installed and loaded: intl.
#0 C:\xampp\htdocs\Live-Coding\system\CodeIgniter.php(219): CodeIgniter\Exceptions\FrameworkException::forMissingExtension('intl')
#1 C:\xampp\htdocs\Live-Coding\system\CodeIgniter.php(177): CodeIgniter\CodeIgniter->resolvePlatformExtensions()
#2 C:\xampp\htdocs\Live-Coding\system\bootstrap.php(146): CodeIgniter\CodeIgniter->initialize()
#3 C:\xampp\htdocs\Live-Coding\spark(45): require('C:\\xampp\\htdocs...')
#4 {main}
CRITICAL - 2022-03-21 12:26:08 --> The framework needs the following extension(s) installed and loaded: intl.
#0 C:\xampp\htdocs\Live-Coding\system\CodeIgniter.php(219): CodeIgniter\Exceptions\FrameworkException::forMissingExtension('intl')
#1 C:\xampp\htdocs\Live-Coding\system\CodeIgniter.php(177): CodeIgniter\CodeIgniter->resolvePlatformExtensions()
#2 C:\xampp\htdocs\Live-Coding\system\bootstrap.php(146): CodeIgniter\CodeIgniter->initialize()
#3 C:\xampp\htdocs\Live-Coding\spark(45): require('C:\\xampp\\htdocs...')
#4 {main}
CRITICAL - 2022-03-21 12:28:44 --> The framework needs the following extension(s) installed and loaded: intl.
#0 C:\xampp\htdocs\Live-Coding\system\CodeIgniter.php(219): CodeIgniter\Exceptions\FrameworkException::forMissingExtension('intl')
#1 C:\xampp\htdocs\Live-Coding\system\CodeIgniter.php(177): CodeIgniter\CodeIgniter->resolvePlatformExtensions()
#2 C:\xampp\htdocs\Live-Coding\system\bootstrap.php(146): CodeIgniter\CodeIgniter->initialize()
#3 C:\xampp\htdocs\Live-Coding\spark(45): require('C:\\xampp\\htdocs...')
#4 {main}
CRITICAL - 2022-03-21 12:29:34 --> The framework needs the following extension(s) installed and loaded: intl.
#0 C:\xampp\htdocs\Live-Coding\system\CodeIgniter.php(219): CodeIgniter\Exceptions\FrameworkException::forMissingExtension('intl')
#1 C:\xampp\htdocs\Live-Coding\system\CodeIgniter.php(177): CodeIgniter\CodeIgniter->resolvePlatformExtensions()
#2 C:\xampp\htdocs\Live-Coding\system\bootstrap.php(146): CodeIgniter\CodeIgniter->initialize()
#3 C:\xampp\htdocs\Live-Coding\spark(45): require('C:\\xampp\\htdocs...')
#4 {main}
CRITICAL - 2022-03-21 12:37:16 --> The framework needs the following extension(s) installed and loaded: intl.
#0 C:\xampp\htdocs\Live-Coding\system\CodeIgniter.php(219): CodeIgniter\Exceptions\FrameworkException::forMissingExtension('intl')
#1 C:\xampp\htdocs\Live-Coding\system\CodeIgniter.php(177): CodeIgniter\CodeIgniter->resolvePlatformExtensions()
#2 C:\xampp\htdocs\Live-Coding\system\bootstrap.php(146): CodeIgniter\CodeIgniter->initialize()
#3 C:\xampp\htdocs\Live-Coding\spark(45): require('C:\\xampp\\htdocs...')
#4 {main}
