CRITICAL - 2022-03-22 03:12:45 --> Invalid file: pages/home.php
#0 C:\xampp\htdocs\Live-Coding\system\View\View.php(198): CodeIgniter\Exceptions\FrameworkException::forInvalidFile('pages/home.php')
#1 C:\xampp\htdocs\Live-Coding\system\Common.php(1089): CodeIgniter\View\View->render('pages/home', Array, true)
#2 C:\xampp\htdocs\Live-Coding\app\Controllers\Pages.php(13): view('pages/home', Array)
#3 C:\xampp\htdocs\Live-Coding\system\CodeIgniter.php(832): App\Controllers\Pages->index()
#4 C:\xampp\htdocs\Live-Coding\system\CodeIgniter.php(419): CodeIgniter\CodeIgniter->runController(Object(App\Controllers\Pages))
#5 C:\xampp\htdocs\Live-Coding\system\CodeIgniter.php(326): CodeIgniter\CodeIgniter->handleRequest(NULL, Object(Config\Cache), false)
#6 C:\xampp\htdocs\Live-Coding\public\index.php(37): CodeIgniter\CodeIgniter->run()
#7 C:\xampp\htdocs\Live-Coding\system\Commands\Server\rewrite.php(43): require_once('C:\\xampp\\htdocs...')
#8 {main}
CRITICAL - 2022-03-22 03:16:18 --> Invalid file: pages/home.php
#0 C:\xampp\htdocs\Live-Coding\system\View\View.php(198): CodeIgniter\Exceptions\FrameworkException::forInvalidFile('pages/home.php')
#1 C:\xampp\htdocs\Live-Coding\system\Common.php(1089): CodeIgniter\View\View->render('pages/home', Array, true)
#2 C:\xampp\htdocs\Live-Coding\app\Controllers\Pages.php(13): view('pages/home', Array)
#3 C:\xampp\htdocs\Live-Coding\system\CodeIgniter.php(832): App\Controllers\Pages->index()
#4 C:\xampp\htdocs\Live-Coding\system\CodeIgniter.php(419): CodeIgniter\CodeIgniter->runController(Object(App\Controllers\Pages))
#5 C:\xampp\htdocs\Live-Coding\system\CodeIgniter.php(326): CodeIgniter\CodeIgniter->handleRequest(NULL, Object(Config\Cache), false)
#6 C:\xampp\htdocs\Live-Coding\public\index.php(37): CodeIgniter\CodeIgniter->run()
#7 C:\xampp\htdocs\Live-Coding\system\Commands\Server\rewrite.php(43): require_once('C:\\xampp\\htdocs...')
#8 {main}
CRITICAL - 2022-03-22 03:16:19 --> Invalid file: pages/home.php
#0 C:\xampp\htdocs\Live-Coding\system\View\View.php(198): CodeIgniter\Exceptions\FrameworkException::forInvalidFile('pages/home.php')
#1 C:\xampp\htdocs\Live-Coding\system\Common.php(1089): CodeIgniter\View\View->render('pages/home', Array, true)
#2 C:\xampp\htdocs\Live-Coding\app\Controllers\Pages.php(13): view('pages/home', Array)
#3 C:\xampp\htdocs\Live-Coding\system\CodeIgniter.php(832): App\Controllers\Pages->index()
#4 C:\xampp\htdocs\Live-Coding\system\CodeIgniter.php(419): CodeIgniter\CodeIgniter->runController(Object(App\Controllers\Pages))
#5 C:\xampp\htdocs\Live-Coding\system\CodeIgniter.php(326): CodeIgniter\CodeIgniter->handleRequest(NULL, Object(Config\Cache), false)
#6 C:\xampp\htdocs\Live-Coding\public\index.php(37): CodeIgniter\CodeIgniter->run()
#7 C:\xampp\htdocs\Live-Coding\system\Commands\Server\rewrite.php(43): require_once('C:\\xampp\\htdocs...')
#8 {main}
CRITICAL - 2022-03-22 03:16:19 --> Invalid file: pages/home.php
#0 C:\xampp\htdocs\Live-Coding\system\View\View.php(198): CodeIgniter\Exceptions\FrameworkException::forInvalidFile('pages/home.php')
#1 C:\xampp\htdocs\Live-Coding\system\Common.php(1089): CodeIgniter\View\View->render('pages/home', Array, true)
#2 C:\xampp\htdocs\Live-Coding\app\Controllers\Pages.php(13): view('pages/home', Array)
#3 C:\xampp\htdocs\Live-Coding\system\CodeIgniter.php(832): App\Controllers\Pages->index()
#4 C:\xampp\htdocs\Live-Coding\system\CodeIgniter.php(419): CodeIgniter\CodeIgniter->runController(Object(App\Controllers\Pages))
#5 C:\xampp\htdocs\Live-Coding\system\CodeIgniter.php(326): CodeIgniter\CodeIgniter->handleRequest(NULL, Object(Config\Cache), false)
#6 C:\xampp\htdocs\Live-Coding\public\index.php(37): CodeIgniter\CodeIgniter->run()
#7 C:\xampp\htdocs\Live-Coding\system\Commands\Server\rewrite.php(43): require_once('C:\\xampp\\htdocs...')
#8 {main}
CRITICAL - 2022-03-22 03:16:19 --> Invalid file: pages/home.php
#0 C:\xampp\htdocs\Live-Coding\system\View\View.php(198): CodeIgniter\Exceptions\FrameworkException::forInvalidFile('pages/home.php')
#1 C:\xampp\htdocs\Live-Coding\system\Common.php(1089): CodeIgniter\View\View->render('pages/home', Array, true)
#2 C:\xampp\htdocs\Live-Coding\app\Controllers\Pages.php(13): view('pages/home', Array)
#3 C:\xampp\htdocs\Live-Coding\system\CodeIgniter.php(832): App\Controllers\Pages->index()
#4 C:\xampp\htdocs\Live-Coding\system\CodeIgniter.php(419): CodeIgniter\CodeIgniter->runController(Object(App\Controllers\Pages))
#5 C:\xampp\htdocs\Live-Coding\system\CodeIgniter.php(326): CodeIgniter\CodeIgniter->handleRequest(NULL, Object(Config\Cache), false)
#6 C:\xampp\htdocs\Live-Coding\public\index.php(37): CodeIgniter\CodeIgniter->run()
#7 C:\xampp\htdocs\Live-Coding\system\Commands\Server\rewrite.php(43): require_once('C:\\xampp\\htdocs...')
#8 {main}
CRITICAL - 2022-03-22 03:16:53 --> Invalid file: pages/home.php
#0 C:\xampp\htdocs\Live-Coding\system\View\View.php(198): CodeIgniter\Exceptions\FrameworkException::forInvalidFile('pages/home.php')
#1 C:\xampp\htdocs\Live-Coding\system\Common.php(1089): CodeIgniter\View\View->render('pages/home', Array, true)
#2 C:\xampp\htdocs\Live-Coding\app\Controllers\Pages.php(22): view('pages/home', Array)
#3 C:\xampp\htdocs\Live-Coding\system\CodeIgniter.php(832): App\Controllers\Pages->about()
#4 C:\xampp\htdocs\Live-Coding\system\CodeIgniter.php(419): CodeIgniter\CodeIgniter->runController(Object(App\Controllers\Pages))
#5 C:\xampp\htdocs\Live-Coding\system\CodeIgniter.php(326): CodeIgniter\CodeIgniter->handleRequest(NULL, Object(Config\Cache), false)
#6 C:\xampp\htdocs\Live-Coding\public\index.php(37): CodeIgniter\CodeIgniter->run()
#7 C:\xampp\htdocs\Live-Coding\system\Commands\Server\rewrite.php(43): require_once('C:\\xampp\\htdocs...')
#8 {main}
CRITICAL - 2022-03-22 03:17:00 --> Invalid file: pages/home.php
#0 C:\xampp\htdocs\Live-Coding\system\View\View.php(198): CodeIgniter\Exceptions\FrameworkException::forInvalidFile('pages/home.php')
#1 C:\xampp\htdocs\Live-Coding\system\Common.php(1089): CodeIgniter\View\View->render('pages/home', Array, true)
#2 C:\xampp\htdocs\Live-Coding\app\Controllers\Pages.php(22): view('pages/home', Array)
#3 C:\xampp\htdocs\Live-Coding\system\CodeIgniter.php(832): App\Controllers\Pages->about()
#4 C:\xampp\htdocs\Live-Coding\system\CodeIgniter.php(419): CodeIgniter\CodeIgniter->runController(Object(App\Controllers\Pages))
#5 C:\xampp\htdocs\Live-Coding\system\CodeIgniter.php(326): CodeIgniter\CodeIgniter->handleRequest(NULL, Object(Config\Cache), false)
#6 C:\xampp\htdocs\Live-Coding\public\index.php(37): CodeIgniter\CodeIgniter->run()
#7 C:\xampp\htdocs\Live-Coding\system\Commands\Server\rewrite.php(43): require_once('C:\\xampp\\htdocs...')
#8 {main}
CRITICAL - 2022-03-22 03:44:03 --> Invalid file: pages/home.php
#0 C:\xampp\htdocs\Live-Coding\system\View\View.php(198): CodeIgniter\Exceptions\FrameworkException::forInvalidFile('pages/home.php')
#1 C:\xampp\htdocs\Live-Coding\system\Common.php(1089): CodeIgniter\View\View->render('pages/home', Array, true)
#2 C:\xampp\htdocs\Live-Coding\app\Controllers\Pages.php(13): view('pages/home', Array)
#3 C:\xampp\htdocs\Live-Coding\system\CodeIgniter.php(832): App\Controllers\Pages->index()
#4 C:\xampp\htdocs\Live-Coding\system\CodeIgniter.php(419): CodeIgniter\CodeIgniter->runController(Object(App\Controllers\Pages))
#5 C:\xampp\htdocs\Live-Coding\system\CodeIgniter.php(326): CodeIgniter\CodeIgniter->handleRequest(NULL, Object(Config\Cache), false)
#6 C:\xampp\htdocs\Live-Coding\public\index.php(37): CodeIgniter\CodeIgniter->run()
#7 C:\xampp\htdocs\Live-Coding\system\Commands\Server\rewrite.php(43): require_once('C:\\xampp\\htdocs...')
#8 {main}
CRITICAL - 2022-03-22 03:44:44 --> Invalid file: pages/home.php
#0 C:\xampp\htdocs\Live-Coding\system\View\View.php(198): CodeIgniter\Exceptions\FrameworkException::forInvalidFile('pages/home.php')
#1 C:\xampp\htdocs\Live-Coding\system\Common.php(1089): CodeIgniter\View\View->render('pages/home', Array, true)
#2 C:\xampp\htdocs\Live-Coding\app\Controllers\Pages.php(13): view('pages/home', Array)
#3 C:\xampp\htdocs\Live-Coding\system\CodeIgniter.php(832): App\Controllers\Pages->index()
#4 C:\xampp\htdocs\Live-Coding\system\CodeIgniter.php(419): CodeIgniter\CodeIgniter->runController(Object(App\Controllers\Pages))
#5 C:\xampp\htdocs\Live-Coding\system\CodeIgniter.php(326): CodeIgniter\CodeIgniter->handleRequest(NULL, Object(Config\Cache), false)
#6 C:\xampp\htdocs\Live-Coding\public\index.php(37): CodeIgniter\CodeIgniter->run()
#7 C:\xampp\htdocs\Live-Coding\system\Commands\Server\rewrite.php(43): require_once('C:\\xampp\\htdocs...')
#8 {main}
CRITICAL - 2022-03-22 03:44:45 --> Invalid file: pages/home.php
#0 C:\xampp\htdocs\Live-Coding\system\View\View.php(198): CodeIgniter\Exceptions\FrameworkException::forInvalidFile('pages/home.php')
#1 C:\xampp\htdocs\Live-Coding\system\Common.php(1089): CodeIgniter\View\View->render('pages/home', Array, true)
#2 C:\xampp\htdocs\Live-Coding\app\Controllers\Pages.php(13): view('pages/home', Array)
#3 C:\xampp\htdocs\Live-Coding\system\CodeIgniter.php(832): App\Controllers\Pages->index()
#4 C:\xampp\htdocs\Live-Coding\system\CodeIgniter.php(419): CodeIgniter\CodeIgniter->runController(Object(App\Controllers\Pages))
#5 C:\xampp\htdocs\Live-Coding\system\CodeIgniter.php(326): CodeIgniter\CodeIgniter->handleRequest(NULL, Object(Config\Cache), false)
#6 C:\xampp\htdocs\Live-Coding\public\index.php(37): CodeIgniter\CodeIgniter->run()
#7 C:\xampp\htdocs\Live-Coding\system\Commands\Server\rewrite.php(43): require_once('C:\\xampp\\htdocs...')
#8 {main}
CRITICAL - 2022-03-22 03:44:45 --> Invalid file: pages/home.php
#0 C:\xampp\htdocs\Live-Coding\system\View\View.php(198): CodeIgniter\Exceptions\FrameworkException::forInvalidFile('pages/home.php')
#1 C:\xampp\htdocs\Live-Coding\system\Common.php(1089): CodeIgniter\View\View->render('pages/home', Array, true)
#2 C:\xampp\htdocs\Live-Coding\app\Controllers\Pages.php(13): view('pages/home', Array)
#3 C:\xampp\htdocs\Live-Coding\system\CodeIgniter.php(832): App\Controllers\Pages->index()
#4 C:\xampp\htdocs\Live-Coding\system\CodeIgniter.php(419): CodeIgniter\CodeIgniter->runController(Object(App\Controllers\Pages))
#5 C:\xampp\htdocs\Live-Coding\system\CodeIgniter.php(326): CodeIgniter\CodeIgniter->handleRequest(NULL, Object(Config\Cache), false)
#6 C:\xampp\htdocs\Live-Coding\public\index.php(37): CodeIgniter\CodeIgniter->run()
#7 C:\xampp\htdocs\Live-Coding\system\Commands\Server\rewrite.php(43): require_once('C:\\xampp\\htdocs...')
#8 {main}
CRITICAL - 2022-03-22 03:44:45 --> Invalid file: pages/home.php
#0 C:\xampp\htdocs\Live-Coding\system\View\View.php(198): CodeIgniter\Exceptions\FrameworkException::forInvalidFile('pages/home.php')
#1 C:\xampp\htdocs\Live-Coding\system\Common.php(1089): CodeIgniter\View\View->render('pages/home', Array, true)
#2 C:\xampp\htdocs\Live-Coding\app\Controllers\Pages.php(13): view('pages/home', Array)
#3 C:\xampp\htdocs\Live-Coding\system\CodeIgniter.php(832): App\Controllers\Pages->index()
#4 C:\xampp\htdocs\Live-Coding\system\CodeIgniter.php(419): CodeIgniter\CodeIgniter->runController(Object(App\Controllers\Pages))
#5 C:\xampp\htdocs\Live-Coding\system\CodeIgniter.php(326): CodeIgniter\CodeIgniter->handleRequest(NULL, Object(Config\Cache), false)
#6 C:\xampp\htdocs\Live-Coding\public\index.php(37): CodeIgniter\CodeIgniter->run()
#7 C:\xampp\htdocs\Live-Coding\system\Commands\Server\rewrite.php(43): require_once('C:\\xampp\\htdocs...')
#8 {main}
CRITICAL - 2022-03-22 03:44:45 --> Invalid file: pages/home.php
#0 C:\xampp\htdocs\Live-Coding\system\View\View.php(198): CodeIgniter\Exceptions\FrameworkException::forInvalidFile('pages/home.php')
#1 C:\xampp\htdocs\Live-Coding\system\Common.php(1089): CodeIgniter\View\View->render('pages/home', Array, true)
#2 C:\xampp\htdocs\Live-Coding\app\Controllers\Pages.php(13): view('pages/home', Array)
#3 C:\xampp\htdocs\Live-Coding\system\CodeIgniter.php(832): App\Controllers\Pages->index()
#4 C:\xampp\htdocs\Live-Coding\system\CodeIgniter.php(419): CodeIgniter\CodeIgniter->runController(Object(App\Controllers\Pages))
#5 C:\xampp\htdocs\Live-Coding\system\CodeIgniter.php(326): CodeIgniter\CodeIgniter->handleRequest(NULL, Object(Config\Cache), false)
#6 C:\xampp\htdocs\Live-Coding\public\index.php(37): CodeIgniter\CodeIgniter->run()
#7 C:\xampp\htdocs\Live-Coding\system\Commands\Server\rewrite.php(43): require_once('C:\\xampp\\htdocs...')
#8 {main}
CRITICAL - 2022-03-22 03:54:00 --> Invalid file: pages/home.php
#0 C:\xampp\htdocs\Live-Coding\system\View\View.php(198): CodeIgniter\Exceptions\FrameworkException::forInvalidFile('pages/home.php')
#1 C:\xampp\htdocs\Live-Coding\system\Common.php(1089): CodeIgniter\View\View->render('pages/home', Array, true)
#2 C:\xampp\htdocs\Live-Coding\app\Controllers\Pages.php(13): view('pages/home', Array)
#3 C:\xampp\htdocs\Live-Coding\system\CodeIgniter.php(832): App\Controllers\Pages->index()
#4 C:\xampp\htdocs\Live-Coding\system\CodeIgniter.php(419): CodeIgniter\CodeIgniter->runController(Object(App\Controllers\Pages))
#5 C:\xampp\htdocs\Live-Coding\system\CodeIgniter.php(326): CodeIgniter\CodeIgniter->handleRequest(NULL, Object(Config\Cache), false)
#6 C:\xampp\htdocs\Live-Coding\public\index.php(37): CodeIgniter\CodeIgniter->run()
#7 C:\xampp\htdocs\Live-Coding\system\Commands\Server\rewrite.php(43): require_once('C:\\xampp\\htdocs...')
#8 {main}
CRITICAL - 2022-03-22 03:54:01 --> Invalid file: pages/home.php
#0 C:\xampp\htdocs\Live-Coding\system\View\View.php(198): CodeIgniter\Exceptions\FrameworkException::forInvalidFile('pages/home.php')
#1 C:\xampp\htdocs\Live-Coding\system\Common.php(1089): CodeIgniter\View\View->render('pages/home', Array, true)
#2 C:\xampp\htdocs\Live-Coding\app\Controllers\Pages.php(13): view('pages/home', Array)
#3 C:\xampp\htdocs\Live-Coding\system\CodeIgniter.php(832): App\Controllers\Pages->index()
#4 C:\xampp\htdocs\Live-Coding\system\CodeIgniter.php(419): CodeIgniter\CodeIgniter->runController(Object(App\Controllers\Pages))
#5 C:\xampp\htdocs\Live-Coding\system\CodeIgniter.php(326): CodeIgniter\CodeIgniter->handleRequest(NULL, Object(Config\Cache), false)
#6 C:\xampp\htdocs\Live-Coding\public\index.php(37): CodeIgniter\CodeIgniter->run()
#7 C:\xampp\htdocs\Live-Coding\system\Commands\Server\rewrite.php(43): require_once('C:\\xampp\\htdocs...')
#8 {main}
CRITICAL - 2022-03-22 03:54:01 --> Invalid file: pages/home.php
#0 C:\xampp\htdocs\Live-Coding\system\View\View.php(198): CodeIgniter\Exceptions\FrameworkException::forInvalidFile('pages/home.php')
#1 C:\xampp\htdocs\Live-Coding\system\Common.php(1089): CodeIgniter\View\View->render('pages/home', Array, true)
#2 C:\xampp\htdocs\Live-Coding\app\Controllers\Pages.php(13): view('pages/home', Array)
#3 C:\xampp\htdocs\Live-Coding\system\CodeIgniter.php(832): App\Controllers\Pages->index()
#4 C:\xampp\htdocs\Live-Coding\system\CodeIgniter.php(419): CodeIgniter\CodeIgniter->runController(Object(App\Controllers\Pages))
#5 C:\xampp\htdocs\Live-Coding\system\CodeIgniter.php(326): CodeIgniter\CodeIgniter->handleRequest(NULL, Object(Config\Cache), false)
#6 C:\xampp\htdocs\Live-Coding\public\index.php(37): CodeIgniter\CodeIgniter->run()
#7 C:\xampp\htdocs\Live-Coding\system\Commands\Server\rewrite.php(43): require_once('C:\\xampp\\htdocs...')
#8 {main}
CRITICAL - 2022-03-22 03:54:08 --> Invalid file: pages/home.php
#0 C:\xampp\htdocs\Live-Coding\system\View\View.php(198): CodeIgniter\Exceptions\FrameworkException::forInvalidFile('pages/home.php')
#1 C:\xampp\htdocs\Live-Coding\system\Common.php(1089): CodeIgniter\View\View->render('pages/home', Array, true)
#2 C:\xampp\htdocs\Live-Coding\app\Controllers\Pages.php(13): view('pages/home', Array)
#3 C:\xampp\htdocs\Live-Coding\system\CodeIgniter.php(832): App\Controllers\Pages->index()
#4 C:\xampp\htdocs\Live-Coding\system\CodeIgniter.php(419): CodeIgniter\CodeIgniter->runController(Object(App\Controllers\Pages))
#5 C:\xampp\htdocs\Live-Coding\system\CodeIgniter.php(326): CodeIgniter\CodeIgniter->handleRequest(NULL, Object(Config\Cache), false)
#6 C:\xampp\htdocs\Live-Coding\public\index.php(37): CodeIgniter\CodeIgniter->run()
#7 C:\xampp\htdocs\Live-Coding\system\Commands\Server\rewrite.php(43): require_once('C:\\xampp\\htdocs...')
#8 {main}
CRITICAL - 2022-03-22 03:56:43 --> Invalid file: pages/home.php
#0 C:\xampp\htdocs\Live-Coding\system\View\View.php(198): CodeIgniter\Exceptions\FrameworkException::forInvalidFile('pages/home.php')
#1 C:\xampp\htdocs\Live-Coding\system\Common.php(1089): CodeIgniter\View\View->render('pages/home', Array, true)
#2 C:\xampp\htdocs\Live-Coding\app\Controllers\Pages.php(13): view('pages/home', Array)
#3 C:\xampp\htdocs\Live-Coding\system\CodeIgniter.php(832): App\Controllers\Pages->index()
#4 C:\xampp\htdocs\Live-Coding\system\CodeIgniter.php(419): CodeIgniter\CodeIgniter->runController(Object(App\Controllers\Pages))
#5 C:\xampp\htdocs\Live-Coding\system\CodeIgniter.php(326): CodeIgniter\CodeIgniter->handleRequest(NULL, Object(Config\Cache), false)
#6 C:\xampp\htdocs\Live-Coding\public\index.php(37): CodeIgniter\CodeIgniter->run()
#7 C:\xampp\htdocs\Live-Coding\system\Commands\Server\rewrite.php(43): require_once('C:\\xampp\\htdocs...')
#8 {main}
CRITICAL - 2022-03-22 03:56:43 --> Invalid file: pages/home.php
#0 C:\xampp\htdocs\Live-Coding\system\View\View.php(198): CodeIgniter\Exceptions\FrameworkException::forInvalidFile('pages/home.php')
#1 C:\xampp\htdocs\Live-Coding\system\Common.php(1089): CodeIgniter\View\View->render('pages/home', Array, true)
#2 C:\xampp\htdocs\Live-Coding\app\Controllers\Pages.php(13): view('pages/home', Array)
#3 C:\xampp\htdocs\Live-Coding\system\CodeIgniter.php(832): App\Controllers\Pages->index()
#4 C:\xampp\htdocs\Live-Coding\system\CodeIgniter.php(419): CodeIgniter\CodeIgniter->runController(Object(App\Controllers\Pages))
#5 C:\xampp\htdocs\Live-Coding\system\CodeIgniter.php(326): CodeIgniter\CodeIgniter->handleRequest(NULL, Object(Config\Cache), false)
#6 C:\xampp\htdocs\Live-Coding\public\index.php(37): CodeIgniter\CodeIgniter->run()
#7 C:\xampp\htdocs\Live-Coding\system\Commands\Server\rewrite.php(43): require_once('C:\\xampp\\htdocs...')
#8 {main}
CRITICAL - 2022-03-22 03:56:44 --> Invalid file: pages/home.php
#0 C:\xampp\htdocs\Live-Coding\system\View\View.php(198): CodeIgniter\Exceptions\FrameworkException::forInvalidFile('pages/home.php')
#1 C:\xampp\htdocs\Live-Coding\system\Common.php(1089): CodeIgniter\View\View->render('pages/home', Array, true)
#2 C:\xampp\htdocs\Live-Coding\app\Controllers\Pages.php(13): view('pages/home', Array)
#3 C:\xampp\htdocs\Live-Coding\system\CodeIgniter.php(832): App\Controllers\Pages->index()
#4 C:\xampp\htdocs\Live-Coding\system\CodeIgniter.php(419): CodeIgniter\CodeIgniter->runController(Object(App\Controllers\Pages))
#5 C:\xampp\htdocs\Live-Coding\system\CodeIgniter.php(326): CodeIgniter\CodeIgniter->handleRequest(NULL, Object(Config\Cache), false)
#6 C:\xampp\htdocs\Live-Coding\public\index.php(37): CodeIgniter\CodeIgniter->run()
#7 C:\xampp\htdocs\Live-Coding\system\Commands\Server\rewrite.php(43): require_once('C:\\xampp\\htdocs...')
#8 {main}
CRITICAL - 2022-03-22 03:56:44 --> Invalid file: pages/home.php
#0 C:\xampp\htdocs\Live-Coding\system\View\View.php(198): CodeIgniter\Exceptions\FrameworkException::forInvalidFile('pages/home.php')
#1 C:\xampp\htdocs\Live-Coding\system\Common.php(1089): CodeIgniter\View\View->render('pages/home', Array, true)
#2 C:\xampp\htdocs\Live-Coding\app\Controllers\Pages.php(13): view('pages/home', Array)
#3 C:\xampp\htdocs\Live-Coding\system\CodeIgniter.php(832): App\Controllers\Pages->index()
#4 C:\xampp\htdocs\Live-Coding\system\CodeIgniter.php(419): CodeIgniter\CodeIgniter->runController(Object(App\Controllers\Pages))
#5 C:\xampp\htdocs\Live-Coding\system\CodeIgniter.php(326): CodeIgniter\CodeIgniter->handleRequest(NULL, Object(Config\Cache), false)
#6 C:\xampp\htdocs\Live-Coding\public\index.php(37): CodeIgniter\CodeIgniter->run()
#7 C:\xampp\htdocs\Live-Coding\system\Commands\Server\rewrite.php(43): require_once('C:\\xampp\\htdocs...')
#8 {main}
CRITICAL - 2022-03-22 03:56:44 --> Invalid file: pages/home.php
#0 C:\xampp\htdocs\Live-Coding\system\View\View.php(198): CodeIgniter\Exceptions\FrameworkException::forInvalidFile('pages/home.php')
#1 C:\xampp\htdocs\Live-Coding\system\Common.php(1089): CodeIgniter\View\View->render('pages/home', Array, true)
#2 C:\xampp\htdocs\Live-Coding\app\Controllers\Pages.php(13): view('pages/home', Array)
#3 C:\xampp\htdocs\Live-Coding\system\CodeIgniter.php(832): App\Controllers\Pages->index()
#4 C:\xampp\htdocs\Live-Coding\system\CodeIgniter.php(419): CodeIgniter\CodeIgniter->runController(Object(App\Controllers\Pages))
#5 C:\xampp\htdocs\Live-Coding\system\CodeIgniter.php(326): CodeIgniter\CodeIgniter->handleRequest(NULL, Object(Config\Cache), false)
#6 C:\xampp\htdocs\Live-Coding\public\index.php(37): CodeIgniter\CodeIgniter->run()
#7 C:\xampp\htdocs\Live-Coding\system\Commands\Server\rewrite.php(43): require_once('C:\\xampp\\htdocs...')
#8 {main}
CRITICAL - 2022-03-22 03:57:15 --> Invalid file: pages/home.php
#0 C:\xampp\htdocs\Live-Coding\system\View\View.php(198): CodeIgniter\Exceptions\FrameworkException::forInvalidFile('pages/home.php')
#1 C:\xampp\htdocs\Live-Coding\system\Common.php(1089): CodeIgniter\View\View->render('pages/home', Array, true)
#2 C:\xampp\htdocs\Live-Coding\app\Controllers\Pages.php(13): view('pages/home', Array)
#3 C:\xampp\htdocs\Live-Coding\system\CodeIgniter.php(832): App\Controllers\Pages->index()
#4 C:\xampp\htdocs\Live-Coding\system\CodeIgniter.php(419): CodeIgniter\CodeIgniter->runController(Object(App\Controllers\Pages))
#5 C:\xampp\htdocs\Live-Coding\system\CodeIgniter.php(326): CodeIgniter\CodeIgniter->handleRequest(NULL, Object(Config\Cache), false)
#6 C:\xampp\htdocs\Live-Coding\public\index.php(37): CodeIgniter\CodeIgniter->run()
#7 C:\xampp\htdocs\Live-Coding\system\Commands\Server\rewrite.php(43): require_once('C:\\xampp\\htdocs...')
#8 {main}
CRITICAL - 2022-03-22 03:57:16 --> Invalid file: pages/home.php
#0 C:\xampp\htdocs\Live-Coding\system\View\View.php(198): CodeIgniter\Exceptions\FrameworkException::forInvalidFile('pages/home.php')
#1 C:\xampp\htdocs\Live-Coding\system\Common.php(1089): CodeIgniter\View\View->render('pages/home', Array, true)
#2 C:\xampp\htdocs\Live-Coding\app\Controllers\Pages.php(13): view('pages/home', Array)
#3 C:\xampp\htdocs\Live-Coding\system\CodeIgniter.php(832): App\Controllers\Pages->index()
#4 C:\xampp\htdocs\Live-Coding\system\CodeIgniter.php(419): CodeIgniter\CodeIgniter->runController(Object(App\Controllers\Pages))
#5 C:\xampp\htdocs\Live-Coding\system\CodeIgniter.php(326): CodeIgniter\CodeIgniter->handleRequest(NULL, Object(Config\Cache), false)
#6 C:\xampp\htdocs\Live-Coding\public\index.php(37): CodeIgniter\CodeIgniter->run()
#7 C:\xampp\htdocs\Live-Coding\system\Commands\Server\rewrite.php(43): require_once('C:\\xampp\\htdocs...')
#8 {main}
CRITICAL - 2022-03-22 03:57:16 --> Invalid file: pages/home.php
#0 C:\xampp\htdocs\Live-Coding\system\View\View.php(198): CodeIgniter\Exceptions\FrameworkException::forInvalidFile('pages/home.php')
#1 C:\xampp\htdocs\Live-Coding\system\Common.php(1089): CodeIgniter\View\View->render('pages/home', Array, true)
#2 C:\xampp\htdocs\Live-Coding\app\Controllers\Pages.php(13): view('pages/home', Array)
#3 C:\xampp\htdocs\Live-Coding\system\CodeIgniter.php(832): App\Controllers\Pages->index()
#4 C:\xampp\htdocs\Live-Coding\system\CodeIgniter.php(419): CodeIgniter\CodeIgniter->runController(Object(App\Controllers\Pages))
#5 C:\xampp\htdocs\Live-Coding\system\CodeIgniter.php(326): CodeIgniter\CodeIgniter->handleRequest(NULL, Object(Config\Cache), false)
#6 C:\xampp\htdocs\Live-Coding\public\index.php(37): CodeIgniter\CodeIgniter->run()
#7 C:\xampp\htdocs\Live-Coding\system\Commands\Server\rewrite.php(43): require_once('C:\\xampp\\htdocs...')
#8 {main}
CRITICAL - 2022-03-22 03:57:16 --> Invalid file: pages/home.php
#0 C:\xampp\htdocs\Live-Coding\system\View\View.php(198): CodeIgniter\Exceptions\FrameworkException::forInvalidFile('pages/home.php')
#1 C:\xampp\htdocs\Live-Coding\system\Common.php(1089): CodeIgniter\View\View->render('pages/home', Array, true)
#2 C:\xampp\htdocs\Live-Coding\app\Controllers\Pages.php(13): view('pages/home', Array)
#3 C:\xampp\htdocs\Live-Coding\system\CodeIgniter.php(832): App\Controllers\Pages->index()
#4 C:\xampp\htdocs\Live-Coding\system\CodeIgniter.php(419): CodeIgniter\CodeIgniter->runController(Object(App\Controllers\Pages))
#5 C:\xampp\htdocs\Live-Coding\system\CodeIgniter.php(326): CodeIgniter\CodeIgniter->handleRequest(NULL, Object(Config\Cache), false)
#6 C:\xampp\htdocs\Live-Coding\public\index.php(37): CodeIgniter\CodeIgniter->run()
#7 C:\xampp\htdocs\Live-Coding\system\Commands\Server\rewrite.php(43): require_once('C:\\xampp\\htdocs...')
#8 {main}
CRITICAL - 2022-03-22 03:57:16 --> Invalid file: pages/home.php
#0 C:\xampp\htdocs\Live-Coding\system\View\View.php(198): CodeIgniter\Exceptions\FrameworkException::forInvalidFile('pages/home.php')
#1 C:\xampp\htdocs\Live-Coding\system\Common.php(1089): CodeIgniter\View\View->render('pages/home', Array, true)
#2 C:\xampp\htdocs\Live-Coding\app\Controllers\Pages.php(13): view('pages/home', Array)
#3 C:\xampp\htdocs\Live-Coding\system\CodeIgniter.php(832): App\Controllers\Pages->index()
#4 C:\xampp\htdocs\Live-Coding\system\CodeIgniter.php(419): CodeIgniter\CodeIgniter->runController(Object(App\Controllers\Pages))
#5 C:\xampp\htdocs\Live-Coding\system\CodeIgniter.php(326): CodeIgniter\CodeIgniter->handleRequest(NULL, Object(Config\Cache), false)
#6 C:\xampp\htdocs\Live-Coding\public\index.php(37): CodeIgniter\CodeIgniter->run()
#7 C:\xampp\htdocs\Live-Coding\system\Commands\Server\rewrite.php(43): require_once('C:\\xampp\\htdocs...')
#8 {main}
CRITICAL - 2022-03-22 04:01:18 --> Invalid file: pages/home.php
#0 C:\xampp\htdocs\Live-Coding\system\View\View.php(198): CodeIgniter\Exceptions\FrameworkException::forInvalidFile('pages/home.php')
#1 C:\xampp\htdocs\Live-Coding\system\Common.php(1089): CodeIgniter\View\View->render('pages/home', Array, true)
#2 C:\xampp\htdocs\Live-Coding\app\Controllers\Pages.php(13): view('pages/home', Array)
#3 C:\xampp\htdocs\Live-Coding\system\CodeIgniter.php(832): App\Controllers\Pages->index()
#4 C:\xampp\htdocs\Live-Coding\system\CodeIgniter.php(419): CodeIgniter\CodeIgniter->runController(Object(App\Controllers\Pages))
#5 C:\xampp\htdocs\Live-Coding\system\CodeIgniter.php(326): CodeIgniter\CodeIgniter->handleRequest(NULL, Object(Config\Cache), false)
#6 C:\xampp\htdocs\Live-Coding\public\index.php(37): CodeIgniter\CodeIgniter->run()
#7 C:\xampp\htdocs\Live-Coding\system\Commands\Server\rewrite.php(43): require_once('C:\\xampp\\htdocs...')
#8 {main}
CRITICAL - 2022-03-22 04:01:18 --> Invalid file: pages/home.php
#0 C:\xampp\htdocs\Live-Coding\system\View\View.php(198): CodeIgniter\Exceptions\FrameworkException::forInvalidFile('pages/home.php')
#1 C:\xampp\htdocs\Live-Coding\system\Common.php(1089): CodeIgniter\View\View->render('pages/home', Array, true)
#2 C:\xampp\htdocs\Live-Coding\app\Controllers\Pages.php(13): view('pages/home', Array)
#3 C:\xampp\htdocs\Live-Coding\system\CodeIgniter.php(832): App\Controllers\Pages->index()
#4 C:\xampp\htdocs\Live-Coding\system\CodeIgniter.php(419): CodeIgniter\CodeIgniter->runController(Object(App\Controllers\Pages))
#5 C:\xampp\htdocs\Live-Coding\system\CodeIgniter.php(326): CodeIgniter\CodeIgniter->handleRequest(NULL, Object(Config\Cache), false)
#6 C:\xampp\htdocs\Live-Coding\public\index.php(37): CodeIgniter\CodeIgniter->run()
#7 C:\xampp\htdocs\Live-Coding\system\Commands\Server\rewrite.php(43): require_once('C:\\xampp\\htdocs...')
#8 {main}
CRITICAL - 2022-03-22 04:01:18 --> Invalid file: pages/home.php
#0 C:\xampp\htdocs\Live-Coding\system\View\View.php(198): CodeIgniter\Exceptions\FrameworkException::forInvalidFile('pages/home.php')
#1 C:\xampp\htdocs\Live-Coding\system\Common.php(1089): CodeIgniter\View\View->render('pages/home', Array, true)
#2 C:\xampp\htdocs\Live-Coding\app\Controllers\Pages.php(13): view('pages/home', Array)
#3 C:\xampp\htdocs\Live-Coding\system\CodeIgniter.php(832): App\Controllers\Pages->index()
#4 C:\xampp\htdocs\Live-Coding\system\CodeIgniter.php(419): CodeIgniter\CodeIgniter->runController(Object(App\Controllers\Pages))
#5 C:\xampp\htdocs\Live-Coding\system\CodeIgniter.php(326): CodeIgniter\CodeIgniter->handleRequest(NULL, Object(Config\Cache), false)
#6 C:\xampp\htdocs\Live-Coding\public\index.php(37): CodeIgniter\CodeIgniter->run()
#7 C:\xampp\htdocs\Live-Coding\system\Commands\Server\rewrite.php(43): require_once('C:\\xampp\\htdocs...')
#8 {main}
CRITICAL - 2022-03-22 04:01:18 --> Invalid file: pages/home.php
#0 C:\xampp\htdocs\Live-Coding\system\View\View.php(198): CodeIgniter\Exceptions\FrameworkException::forInvalidFile('pages/home.php')
#1 C:\xampp\htdocs\Live-Coding\system\Common.php(1089): CodeIgniter\View\View->render('pages/home', Array, true)
#2 C:\xampp\htdocs\Live-Coding\app\Controllers\Pages.php(13): view('pages/home', Array)
#3 C:\xampp\htdocs\Live-Coding\system\CodeIgniter.php(832): App\Controllers\Pages->index()
#4 C:\xampp\htdocs\Live-Coding\system\CodeIgniter.php(419): CodeIgniter\CodeIgniter->runController(Object(App\Controllers\Pages))
#5 C:\xampp\htdocs\Live-Coding\system\CodeIgniter.php(326): CodeIgniter\CodeIgniter->handleRequest(NULL, Object(Config\Cache), false)
#6 C:\xampp\htdocs\Live-Coding\public\index.php(37): CodeIgniter\CodeIgniter->run()
#7 C:\xampp\htdocs\Live-Coding\system\Commands\Server\rewrite.php(43): require_once('C:\\xampp\\htdocs...')
#8 {main}
CRITICAL - 2022-03-22 04:01:19 --> Invalid file: pages/home.php
#0 C:\xampp\htdocs\Live-Coding\system\View\View.php(198): CodeIgniter\Exceptions\FrameworkException::forInvalidFile('pages/home.php')
#1 C:\xampp\htdocs\Live-Coding\system\Common.php(1089): CodeIgniter\View\View->render('pages/home', Array, true)
#2 C:\xampp\htdocs\Live-Coding\app\Controllers\Pages.php(13): view('pages/home', Array)
#3 C:\xampp\htdocs\Live-Coding\system\CodeIgniter.php(832): App\Controllers\Pages->index()
#4 C:\xampp\htdocs\Live-Coding\system\CodeIgniter.php(419): CodeIgniter\CodeIgniter->runController(Object(App\Controllers\Pages))
#5 C:\xampp\htdocs\Live-Coding\system\CodeIgniter.php(326): CodeIgniter\CodeIgniter->handleRequest(NULL, Object(Config\Cache), false)
#6 C:\xampp\htdocs\Live-Coding\public\index.php(37): CodeIgniter\CodeIgniter->run()
#7 C:\xampp\htdocs\Live-Coding\system\Commands\Server\rewrite.php(43): require_once('C:\\xampp\\htdocs...')
#8 {main}
CRITICAL - 2022-03-22 04:01:19 --> Invalid file: pages/home.php
#0 C:\xampp\htdocs\Live-Coding\system\View\View.php(198): CodeIgniter\Exceptions\FrameworkException::forInvalidFile('pages/home.php')
#1 C:\xampp\htdocs\Live-Coding\system\Common.php(1089): CodeIgniter\View\View->render('pages/home', Array, true)
#2 C:\xampp\htdocs\Live-Coding\app\Controllers\Pages.php(13): view('pages/home', Array)
#3 C:\xampp\htdocs\Live-Coding\system\CodeIgniter.php(832): App\Controllers\Pages->index()
#4 C:\xampp\htdocs\Live-Coding\system\CodeIgniter.php(419): CodeIgniter\CodeIgniter->runController(Object(App\Controllers\Pages))
#5 C:\xampp\htdocs\Live-Coding\system\CodeIgniter.php(326): CodeIgniter\CodeIgniter->handleRequest(NULL, Object(Config\Cache), false)
#6 C:\xampp\htdocs\Live-Coding\public\index.php(37): CodeIgniter\CodeIgniter->run()
#7 C:\xampp\htdocs\Live-Coding\system\Commands\Server\rewrite.php(43): require_once('C:\\xampp\\htdocs...')
#8 {main}
CRITICAL - 2022-03-22 04:01:19 --> Invalid file: pages/home.php
#0 C:\xampp\htdocs\Live-Coding\system\View\View.php(198): CodeIgniter\Exceptions\FrameworkException::forInvalidFile('pages/home.php')
#1 C:\xampp\htdocs\Live-Coding\system\Common.php(1089): CodeIgniter\View\View->render('pages/home', Array, true)
#2 C:\xampp\htdocs\Live-Coding\app\Controllers\Pages.php(13): view('pages/home', Array)
#3 C:\xampp\htdocs\Live-Coding\system\CodeIgniter.php(832): App\Controllers\Pages->index()
#4 C:\xampp\htdocs\Live-Coding\system\CodeIgniter.php(419): CodeIgniter\CodeIgniter->runController(Object(App\Controllers\Pages))
#5 C:\xampp\htdocs\Live-Coding\system\CodeIgniter.php(326): CodeIgniter\CodeIgniter->handleRequest(NULL, Object(Config\Cache), false)
#6 C:\xampp\htdocs\Live-Coding\public\index.php(37): CodeIgniter\CodeIgniter->run()
#7 C:\xampp\htdocs\Live-Coding\system\Commands\Server\rewrite.php(43): require_once('C:\\xampp\\htdocs...')
#8 {main}
CRITICAL - 2022-03-22 04:01:19 --> Invalid file: pages/home.php
#0 C:\xampp\htdocs\Live-Coding\system\View\View.php(198): CodeIgniter\Exceptions\FrameworkException::forInvalidFile('pages/home.php')
#1 C:\xampp\htdocs\Live-Coding\system\Common.php(1089): CodeIgniter\View\View->render('pages/home', Array, true)
#2 C:\xampp\htdocs\Live-Coding\app\Controllers\Pages.php(13): view('pages/home', Array)
#3 C:\xampp\htdocs\Live-Coding\system\CodeIgniter.php(832): App\Controllers\Pages->index()
#4 C:\xampp\htdocs\Live-Coding\system\CodeIgniter.php(419): CodeIgniter\CodeIgniter->runController(Object(App\Controllers\Pages))
#5 C:\xampp\htdocs\Live-Coding\system\CodeIgniter.php(326): CodeIgniter\CodeIgniter->handleRequest(NULL, Object(Config\Cache), false)
#6 C:\xampp\htdocs\Live-Coding\public\index.php(37): CodeIgniter\CodeIgniter->run()
#7 C:\xampp\htdocs\Live-Coding\system\Commands\Server\rewrite.php(43): require_once('C:\\xampp\\htdocs...')
#8 {main}
CRITICAL - 2022-03-22 04:11:16 --> Invalid file: layout/template.php
#0 C:\xampp\htdocs\Live-Coding\system\View\View.php(198): CodeIgniter\Exceptions\FrameworkException::forInvalidFile('layout/template...')
#1 C:\xampp\htdocs\Live-Coding\system\View\View.php(226): CodeIgniter\View\View->render('layout/template', Array, true)
#2 C:\xampp\htdocs\Live-Coding\system\Common.php(1089): CodeIgniter\View\View->render('pages/home', Array, true)
#3 C:\xampp\htdocs\Live-Coding\app\Controllers\Pages.php(13): view('pages/home', Array)
#4 C:\xampp\htdocs\Live-Coding\system\CodeIgniter.php(832): App\Controllers\Pages->index()
#5 C:\xampp\htdocs\Live-Coding\system\CodeIgniter.php(419): CodeIgniter\CodeIgniter->runController(Object(App\Controllers\Pages))
#6 C:\xampp\htdocs\Live-Coding\system\CodeIgniter.php(326): CodeIgniter\CodeIgniter->handleRequest(NULL, Object(Config\Cache), false)
#7 C:\xampp\htdocs\Live-Coding\public\index.php(37): CodeIgniter\CodeIgniter->run()
#8 C:\xampp\htdocs\Live-Coding\system\Commands\Server\rewrite.php(43): require_once('C:\\xampp\\htdocs...')
#9 {main}
CRITICAL - 2022-03-22 04:11:18 --> Invalid file: layout/template.php
#0 C:\xampp\htdocs\Live-Coding\system\View\View.php(198): CodeIgniter\Exceptions\FrameworkException::forInvalidFile('layout/template...')
#1 C:\xampp\htdocs\Live-Coding\system\View\View.php(226): CodeIgniter\View\View->render('layout/template', Array, true)
#2 C:\xampp\htdocs\Live-Coding\system\Common.php(1089): CodeIgniter\View\View->render('pages/home', Array, true)
#3 C:\xampp\htdocs\Live-Coding\app\Controllers\Pages.php(13): view('pages/home', Array)
#4 C:\xampp\htdocs\Live-Coding\system\CodeIgniter.php(832): App\Controllers\Pages->index()
#5 C:\xampp\htdocs\Live-Coding\system\CodeIgniter.php(419): CodeIgniter\CodeIgniter->runController(Object(App\Controllers\Pages))
#6 C:\xampp\htdocs\Live-Coding\system\CodeIgniter.php(326): CodeIgniter\CodeIgniter->handleRequest(NULL, Object(Config\Cache), false)
#7 C:\xampp\htdocs\Live-Coding\public\index.php(37): CodeIgniter\CodeIgniter->run()
#8 C:\xampp\htdocs\Live-Coding\system\Commands\Server\rewrite.php(43): require_once('C:\\xampp\\htdocs...')
#9 {main}
ERROR - 2022-03-22 04:40:24 --> Error connecting to the database: No connection could be made because the target machine actively refused it
