CRITICAL - 2022-03-23 03:13:18 --> View themes, no current section.
#0 C:\xampp\htdocs\Live-Coding\app\Views\pages\home.php(19): CodeIgniter\View\View->endSection()
#1 C:\xampp\htdocs\Live-Coding\system\View\View.php(210): include('C:\\xampp\\htdocs...')
#2 C:\xampp\htdocs\Live-Coding\system\View\View.php(213): CodeIgniter\View\View->CodeIgniter\View\{closure}()
#3 C:\xampp\htdocs\Live-Coding\system\Common.php(1089): CodeIgniter\View\View->render('pages/home', Array, true)
#4 C:\xampp\htdocs\Live-Coding\app\Controllers\Pages.php(13): view('pages/home', Array)
#5 C:\xampp\htdocs\Live-Coding\system\CodeIgniter.php(832): App\Controllers\Pages->index()
#6 C:\xampp\htdocs\Live-Coding\system\CodeIgniter.php(419): CodeIgniter\CodeIgniter->runController(Object(App\Controllers\Pages))
#7 C:\xampp\htdocs\Live-Coding\system\CodeIgniter.php(326): CodeIgniter\CodeIgniter->handleRequest(NULL, Object(Config\Cache), false)
#8 C:\xampp\htdocs\Live-Coding\public\index.php(37): CodeIgniter\CodeIgniter->run()
#9 C:\xampp\htdocs\Live-Coding\system\Commands\Server\rewrite.php(43): require_once('C:\\xampp\\htdocs...')
#10 {main}
CRITICAL - 2022-03-23 03:13:50 --> View themes, no current section.
#0 C:\xampp\htdocs\Live-Coding\app\Views\pages\home.php(19): CodeIgniter\View\View->endSection()
#1 C:\xampp\htdocs\Live-Coding\system\View\View.php(210): include('C:\\xampp\\htdocs...')
#2 C:\xampp\htdocs\Live-Coding\system\View\View.php(213): CodeIgniter\View\View->CodeIgniter\View\{closure}()
#3 C:\xampp\htdocs\Live-Coding\system\Common.php(1089): CodeIgniter\View\View->render('pages/home', Array, true)
#4 C:\xampp\htdocs\Live-Coding\app\Controllers\Pages.php(13): view('pages/home', Array)
#5 C:\xampp\htdocs\Live-Coding\system\CodeIgniter.php(832): App\Controllers\Pages->index()
#6 C:\xampp\htdocs\Live-Coding\system\CodeIgniter.php(419): CodeIgniter\CodeIgniter->runController(Object(App\Controllers\Pages))
#7 C:\xampp\htdocs\Live-Coding\system\CodeIgniter.php(326): CodeIgniter\CodeIgniter->handleRequest(NULL, Object(Config\Cache), false)
#8 C:\xampp\htdocs\Live-Coding\public\index.php(37): CodeIgniter\CodeIgniter->run()
#9 C:\xampp\htdocs\Live-Coding\system\Commands\Server\rewrite.php(43): require_once('C:\\xampp\\htdocs...')
#10 {main}
CRITICAL - 2022-03-23 03:14:35 --> View themes, no current section.
#0 C:\xampp\htdocs\Live-Coding\app\Views\pages\home.php(19): CodeIgniter\View\View->endSection()
#1 C:\xampp\htdocs\Live-Coding\system\View\View.php(210): include('C:\\xampp\\htdocs...')
#2 C:\xampp\htdocs\Live-Coding\system\View\View.php(213): CodeIgniter\View\View->CodeIgniter\View\{closure}()
#3 C:\xampp\htdocs\Live-Coding\system\Common.php(1089): CodeIgniter\View\View->render('pages/home', Array, true)
#4 C:\xampp\htdocs\Live-Coding\app\Controllers\Pages.php(13): view('pages/home', Array)
#5 C:\xampp\htdocs\Live-Coding\system\CodeIgniter.php(832): App\Controllers\Pages->index()
#6 C:\xampp\htdocs\Live-Coding\system\CodeIgniter.php(419): CodeIgniter\CodeIgniter->runController(Object(App\Controllers\Pages))
#7 C:\xampp\htdocs\Live-Coding\system\CodeIgniter.php(326): CodeIgniter\CodeIgniter->handleRequest(NULL, Object(Config\Cache), false)
#8 C:\xampp\htdocs\Live-Coding\public\index.php(37): CodeIgniter\CodeIgniter->run()
#9 C:\xampp\htdocs\Live-Coding\system\Commands\Server\rewrite.php(43): require_once('C:\\xampp\\htdocs...')
#10 {main}
CRITICAL - 2022-03-23 03:14:36 --> View themes, no current section.
#0 C:\xampp\htdocs\Live-Coding\app\Views\pages\home.php(19): CodeIgniter\View\View->endSection()
#1 C:\xampp\htdocs\Live-Coding\system\View\View.php(210): include('C:\\xampp\\htdocs...')
#2 C:\xampp\htdocs\Live-Coding\system\View\View.php(213): CodeIgniter\View\View->CodeIgniter\View\{closure}()
#3 C:\xampp\htdocs\Live-Coding\system\Common.php(1089): CodeIgniter\View\View->render('pages/home', Array, true)
#4 C:\xampp\htdocs\Live-Coding\app\Controllers\Pages.php(13): view('pages/home', Array)
#5 C:\xampp\htdocs\Live-Coding\system\CodeIgniter.php(832): App\Controllers\Pages->index()
#6 C:\xampp\htdocs\Live-Coding\system\CodeIgniter.php(419): CodeIgniter\CodeIgniter->runController(Object(App\Controllers\Pages))
#7 C:\xampp\htdocs\Live-Coding\system\CodeIgniter.php(326): CodeIgniter\CodeIgniter->handleRequest(NULL, Object(Config\Cache), false)
#8 C:\xampp\htdocs\Live-Coding\public\index.php(37): CodeIgniter\CodeIgniter->run()
#9 C:\xampp\htdocs\Live-Coding\system\Commands\Server\rewrite.php(43): require_once('C:\\xampp\\htdocs...')
#10 {main}
CRITICAL - 2022-03-23 03:14:37 --> View themes, no current section.
#0 C:\xampp\htdocs\Live-Coding\app\Views\pages\home.php(19): CodeIgniter\View\View->endSection()
#1 C:\xampp\htdocs\Live-Coding\system\View\View.php(210): include('C:\\xampp\\htdocs...')
#2 C:\xampp\htdocs\Live-Coding\system\View\View.php(213): CodeIgniter\View\View->CodeIgniter\View\{closure}()
#3 C:\xampp\htdocs\Live-Coding\system\Common.php(1089): CodeIgniter\View\View->render('pages/home', Array, true)
#4 C:\xampp\htdocs\Live-Coding\app\Controllers\Pages.php(13): view('pages/home', Array)
#5 C:\xampp\htdocs\Live-Coding\system\CodeIgniter.php(832): App\Controllers\Pages->index()
#6 C:\xampp\htdocs\Live-Coding\system\CodeIgniter.php(419): CodeIgniter\CodeIgniter->runController(Object(App\Controllers\Pages))
#7 C:\xampp\htdocs\Live-Coding\system\CodeIgniter.php(326): CodeIgniter\CodeIgniter->handleRequest(NULL, Object(Config\Cache), false)
#8 C:\xampp\htdocs\Live-Coding\public\index.php(37): CodeIgniter\CodeIgniter->run()
#9 C:\xampp\htdocs\Live-Coding\system\Commands\Server\rewrite.php(43): require_once('C:\\xampp\\htdocs...')
#10 {main}
CRITICAL - 2022-03-23 03:14:37 --> View themes, no current section.
#0 C:\xampp\htdocs\Live-Coding\app\Views\pages\home.php(19): CodeIgniter\View\View->endSection()
#1 C:\xampp\htdocs\Live-Coding\system\View\View.php(210): include('C:\\xampp\\htdocs...')
#2 C:\xampp\htdocs\Live-Coding\system\View\View.php(213): CodeIgniter\View\View->CodeIgniter\View\{closure}()
#3 C:\xampp\htdocs\Live-Coding\system\Common.php(1089): CodeIgniter\View\View->render('pages/home', Array, true)
#4 C:\xampp\htdocs\Live-Coding\app\Controllers\Pages.php(13): view('pages/home', Array)
#5 C:\xampp\htdocs\Live-Coding\system\CodeIgniter.php(832): App\Controllers\Pages->index()
#6 C:\xampp\htdocs\Live-Coding\system\CodeIgniter.php(419): CodeIgniter\CodeIgniter->runController(Object(App\Controllers\Pages))
#7 C:\xampp\htdocs\Live-Coding\system\CodeIgniter.php(326): CodeIgniter\CodeIgniter->handleRequest(NULL, Object(Config\Cache), false)
#8 C:\xampp\htdocs\Live-Coding\public\index.php(37): CodeIgniter\CodeIgniter->run()
#9 C:\xampp\htdocs\Live-Coding\system\Commands\Server\rewrite.php(43): require_once('C:\\xampp\\htdocs...')
#10 {main}
CRITICAL - 2022-03-23 03:14:37 --> View themes, no current section.
#0 C:\xampp\htdocs\Live-Coding\app\Views\pages\home.php(19): CodeIgniter\View\View->endSection()
#1 C:\xampp\htdocs\Live-Coding\system\View\View.php(210): include('C:\\xampp\\htdocs...')
#2 C:\xampp\htdocs\Live-Coding\system\View\View.php(213): CodeIgniter\View\View->CodeIgniter\View\{closure}()
#3 C:\xampp\htdocs\Live-Coding\system\Common.php(1089): CodeIgniter\View\View->render('pages/home', Array, true)
#4 C:\xampp\htdocs\Live-Coding\app\Controllers\Pages.php(13): view('pages/home', Array)
#5 C:\xampp\htdocs\Live-Coding\system\CodeIgniter.php(832): App\Controllers\Pages->index()
#6 C:\xampp\htdocs\Live-Coding\system\CodeIgniter.php(419): CodeIgniter\CodeIgniter->runController(Object(App\Controllers\Pages))
#7 C:\xampp\htdocs\Live-Coding\system\CodeIgniter.php(326): CodeIgniter\CodeIgniter->handleRequest(NULL, Object(Config\Cache), false)
#8 C:\xampp\htdocs\Live-Coding\public\index.php(37): CodeIgniter\CodeIgniter->run()
#9 C:\xampp\htdocs\Live-Coding\system\Commands\Server\rewrite.php(43): require_once('C:\\xampp\\htdocs...')
#10 {main}
CRITICAL - 2022-03-23 03:14:37 --> View themes, no current section.
#0 C:\xampp\htdocs\Live-Coding\app\Views\pages\home.php(19): CodeIgniter\View\View->endSection()
#1 C:\xampp\htdocs\Live-Coding\system\View\View.php(210): include('C:\\xampp\\htdocs...')
#2 C:\xampp\htdocs\Live-Coding\system\View\View.php(213): CodeIgniter\View\View->CodeIgniter\View\{closure}()
#3 C:\xampp\htdocs\Live-Coding\system\Common.php(1089): CodeIgniter\View\View->render('pages/home', Array, true)
#4 C:\xampp\htdocs\Live-Coding\app\Controllers\Pages.php(13): view('pages/home', Array)
#5 C:\xampp\htdocs\Live-Coding\system\CodeIgniter.php(832): App\Controllers\Pages->index()
#6 C:\xampp\htdocs\Live-Coding\system\CodeIgniter.php(419): CodeIgniter\CodeIgniter->runController(Object(App\Controllers\Pages))
#7 C:\xampp\htdocs\Live-Coding\system\CodeIgniter.php(326): CodeIgniter\CodeIgniter->handleRequest(NULL, Object(Config\Cache), false)
#8 C:\xampp\htdocs\Live-Coding\public\index.php(37): CodeIgniter\CodeIgniter->run()
#9 C:\xampp\htdocs\Live-Coding\system\Commands\Server\rewrite.php(43): require_once('C:\\xampp\\htdocs...')
#10 {main}
CRITICAL - 2022-03-23 03:16:18 --> View themes, no current section.
#0 C:\xampp\htdocs\Live-Coding\app\Views\pages\home.php(19): CodeIgniter\View\View->endSection()
#1 C:\xampp\htdocs\Live-Coding\system\View\View.php(210): include('C:\\xampp\\htdocs...')
#2 C:\xampp\htdocs\Live-Coding\system\View\View.php(213): CodeIgniter\View\View->CodeIgniter\View\{closure}()
#3 C:\xampp\htdocs\Live-Coding\system\Common.php(1089): CodeIgniter\View\View->render('pages/home', Array, true)
#4 C:\xampp\htdocs\Live-Coding\app\Controllers\Pages.php(13): view('pages/home', Array)
#5 C:\xampp\htdocs\Live-Coding\system\CodeIgniter.php(832): App\Controllers\Pages->index()
#6 C:\xampp\htdocs\Live-Coding\system\CodeIgniter.php(419): CodeIgniter\CodeIgniter->runController(Object(App\Controllers\Pages))
#7 C:\xampp\htdocs\Live-Coding\system\CodeIgniter.php(326): CodeIgniter\CodeIgniter->handleRequest(NULL, Object(Config\Cache), false)
#8 C:\xampp\htdocs\Live-Coding\public\index.php(37): CodeIgniter\CodeIgniter->run()
#9 C:\xampp\htdocs\Live-Coding\system\Commands\Server\rewrite.php(43): require_once('C:\\xampp\\htdocs...')
#10 {main}
CRITICAL - 2022-03-23 03:16:19 --> View themes, no current section.
#0 C:\xampp\htdocs\Live-Coding\app\Views\pages\home.php(19): CodeIgniter\View\View->endSection()
#1 C:\xampp\htdocs\Live-Coding\system\View\View.php(210): include('C:\\xampp\\htdocs...')
#2 C:\xampp\htdocs\Live-Coding\system\View\View.php(213): CodeIgniter\View\View->CodeIgniter\View\{closure}()
#3 C:\xampp\htdocs\Live-Coding\system\Common.php(1089): CodeIgniter\View\View->render('pages/home', Array, true)
#4 C:\xampp\htdocs\Live-Coding\app\Controllers\Pages.php(13): view('pages/home', Array)
#5 C:\xampp\htdocs\Live-Coding\system\CodeIgniter.php(832): App\Controllers\Pages->index()
#6 C:\xampp\htdocs\Live-Coding\system\CodeIgniter.php(419): CodeIgniter\CodeIgniter->runController(Object(App\Controllers\Pages))
#7 C:\xampp\htdocs\Live-Coding\system\CodeIgniter.php(326): CodeIgniter\CodeIgniter->handleRequest(NULL, Object(Config\Cache), false)
#8 C:\xampp\htdocs\Live-Coding\public\index.php(37): CodeIgniter\CodeIgniter->run()
#9 C:\xampp\htdocs\Live-Coding\system\Commands\Server\rewrite.php(43): require_once('C:\\xampp\\htdocs...')
#10 {main}
CRITICAL - 2022-03-23 03:16:19 --> View themes, no current section.
#0 C:\xampp\htdocs\Live-Coding\app\Views\pages\home.php(19): CodeIgniter\View\View->endSection()
#1 C:\xampp\htdocs\Live-Coding\system\View\View.php(210): include('C:\\xampp\\htdocs...')
#2 C:\xampp\htdocs\Live-Coding\system\View\View.php(213): CodeIgniter\View\View->CodeIgniter\View\{closure}()
#3 C:\xampp\htdocs\Live-Coding\system\Common.php(1089): CodeIgniter\View\View->render('pages/home', Array, true)
#4 C:\xampp\htdocs\Live-Coding\app\Controllers\Pages.php(13): view('pages/home', Array)
#5 C:\xampp\htdocs\Live-Coding\system\CodeIgniter.php(832): App\Controllers\Pages->index()
#6 C:\xampp\htdocs\Live-Coding\system\CodeIgniter.php(419): CodeIgniter\CodeIgniter->runController(Object(App\Controllers\Pages))
#7 C:\xampp\htdocs\Live-Coding\system\CodeIgniter.php(326): CodeIgniter\CodeIgniter->handleRequest(NULL, Object(Config\Cache), false)
#8 C:\xampp\htdocs\Live-Coding\public\index.php(37): CodeIgniter\CodeIgniter->run()
#9 C:\xampp\htdocs\Live-Coding\system\Commands\Server\rewrite.php(43): require_once('C:\\xampp\\htdocs...')
#10 {main}
CRITICAL - 2022-03-23 03:16:19 --> View themes, no current section.
#0 C:\xampp\htdocs\Live-Coding\app\Views\pages\home.php(19): CodeIgniter\View\View->endSection()
#1 C:\xampp\htdocs\Live-Coding\system\View\View.php(210): include('C:\\xampp\\htdocs...')
#2 C:\xampp\htdocs\Live-Coding\system\View\View.php(213): CodeIgniter\View\View->CodeIgniter\View\{closure}()
#3 C:\xampp\htdocs\Live-Coding\system\Common.php(1089): CodeIgniter\View\View->render('pages/home', Array, true)
#4 C:\xampp\htdocs\Live-Coding\app\Controllers\Pages.php(13): view('pages/home', Array)
#5 C:\xampp\htdocs\Live-Coding\system\CodeIgniter.php(832): App\Controllers\Pages->index()
#6 C:\xampp\htdocs\Live-Coding\system\CodeIgniter.php(419): CodeIgniter\CodeIgniter->runController(Object(App\Controllers\Pages))
#7 C:\xampp\htdocs\Live-Coding\system\CodeIgniter.php(326): CodeIgniter\CodeIgniter->handleRequest(NULL, Object(Config\Cache), false)
#8 C:\xampp\htdocs\Live-Coding\public\index.php(37): CodeIgniter\CodeIgniter->run()
#9 C:\xampp\htdocs\Live-Coding\system\Commands\Server\rewrite.php(43): require_once('C:\\xampp\\htdocs...')
#10 {main}
CRITICAL - 2022-03-23 03:16:57 --> View themes, no current section.
#0 C:\xampp\htdocs\Live-Coding\app\Views\pages\home.php(19): CodeIgniter\View\View->endSection()
#1 C:\xampp\htdocs\Live-Coding\system\View\View.php(210): include('C:\\xampp\\htdocs...')
#2 C:\xampp\htdocs\Live-Coding\system\View\View.php(213): CodeIgniter\View\View->CodeIgniter\View\{closure}()
#3 C:\xampp\htdocs\Live-Coding\system\Common.php(1089): CodeIgniter\View\View->render('pages/home', Array, true)
#4 C:\xampp\htdocs\Live-Coding\app\Controllers\Pages.php(13): view('pages/home', Array)
#5 C:\xampp\htdocs\Live-Coding\system\CodeIgniter.php(832): App\Controllers\Pages->index()
#6 C:\xampp\htdocs\Live-Coding\system\CodeIgniter.php(419): CodeIgniter\CodeIgniter->runController(Object(App\Controllers\Pages))
#7 C:\xampp\htdocs\Live-Coding\system\CodeIgniter.php(326): CodeIgniter\CodeIgniter->handleRequest(NULL, Object(Config\Cache), false)
#8 C:\xampp\htdocs\Live-Coding\public\index.php(37): CodeIgniter\CodeIgniter->run()
#9 C:\xampp\htdocs\Live-Coding\system\Commands\Server\rewrite.php(43): require_once('C:\\xampp\\htdocs...')
#10 {main}
CRITICAL - 2022-03-23 03:16:57 --> View themes, no current section.
#0 C:\xampp\htdocs\Live-Coding\app\Views\pages\home.php(19): CodeIgniter\View\View->endSection()
#1 C:\xampp\htdocs\Live-Coding\system\View\View.php(210): include('C:\\xampp\\htdocs...')
#2 C:\xampp\htdocs\Live-Coding\system\View\View.php(213): CodeIgniter\View\View->CodeIgniter\View\{closure}()
#3 C:\xampp\htdocs\Live-Coding\system\Common.php(1089): CodeIgniter\View\View->render('pages/home', Array, true)
#4 C:\xampp\htdocs\Live-Coding\app\Controllers\Pages.php(13): view('pages/home', Array)
#5 C:\xampp\htdocs\Live-Coding\system\CodeIgniter.php(832): App\Controllers\Pages->index()
#6 C:\xampp\htdocs\Live-Coding\system\CodeIgniter.php(419): CodeIgniter\CodeIgniter->runController(Object(App\Controllers\Pages))
#7 C:\xampp\htdocs\Live-Coding\system\CodeIgniter.php(326): CodeIgniter\CodeIgniter->handleRequest(NULL, Object(Config\Cache), false)
#8 C:\xampp\htdocs\Live-Coding\public\index.php(37): CodeIgniter\CodeIgniter->run()
#9 C:\xampp\htdocs\Live-Coding\system\Commands\Server\rewrite.php(43): require_once('C:\\xampp\\htdocs...')
#10 {main}
CRITICAL - 2022-03-23 03:16:57 --> View themes, no current section.
#0 C:\xampp\htdocs\Live-Coding\app\Views\pages\home.php(19): CodeIgniter\View\View->endSection()
#1 C:\xampp\htdocs\Live-Coding\system\View\View.php(210): include('C:\\xampp\\htdocs...')
#2 C:\xampp\htdocs\Live-Coding\system\View\View.php(213): CodeIgniter\View\View->CodeIgniter\View\{closure}()
#3 C:\xampp\htdocs\Live-Coding\system\Common.php(1089): CodeIgniter\View\View->render('pages/home', Array, true)
#4 C:\xampp\htdocs\Live-Coding\app\Controllers\Pages.php(13): view('pages/home', Array)
#5 C:\xampp\htdocs\Live-Coding\system\CodeIgniter.php(832): App\Controllers\Pages->index()
#6 C:\xampp\htdocs\Live-Coding\system\CodeIgniter.php(419): CodeIgniter\CodeIgniter->runController(Object(App\Controllers\Pages))
#7 C:\xampp\htdocs\Live-Coding\system\CodeIgniter.php(326): CodeIgniter\CodeIgniter->handleRequest(NULL, Object(Config\Cache), false)
#8 C:\xampp\htdocs\Live-Coding\public\index.php(37): CodeIgniter\CodeIgniter->run()
#9 C:\xampp\htdocs\Live-Coding\system\Commands\Server\rewrite.php(43): require_once('C:\\xampp\\htdocs...')
#10 {main}
CRITICAL - 2022-03-23 03:16:57 --> View themes, no current section.
#0 C:\xampp\htdocs\Live-Coding\app\Views\pages\home.php(19): CodeIgniter\View\View->endSection()
#1 C:\xampp\htdocs\Live-Coding\system\View\View.php(210): include('C:\\xampp\\htdocs...')
#2 C:\xampp\htdocs\Live-Coding\system\View\View.php(213): CodeIgniter\View\View->CodeIgniter\View\{closure}()
#3 C:\xampp\htdocs\Live-Coding\system\Common.php(1089): CodeIgniter\View\View->render('pages/home', Array, true)
#4 C:\xampp\htdocs\Live-Coding\app\Controllers\Pages.php(13): view('pages/home', Array)
#5 C:\xampp\htdocs\Live-Coding\system\CodeIgniter.php(832): App\Controllers\Pages->index()
#6 C:\xampp\htdocs\Live-Coding\system\CodeIgniter.php(419): CodeIgniter\CodeIgniter->runController(Object(App\Controllers\Pages))
#7 C:\xampp\htdocs\Live-Coding\system\CodeIgniter.php(326): CodeIgniter\CodeIgniter->handleRequest(NULL, Object(Config\Cache), false)
#8 C:\xampp\htdocs\Live-Coding\public\index.php(37): CodeIgniter\CodeIgniter->run()
#9 C:\xampp\htdocs\Live-Coding\system\Commands\Server\rewrite.php(43): require_once('C:\\xampp\\htdocs...')
#10 {main}
CRITICAL - 2022-03-23 03:16:58 --> View themes, no current section.
#0 C:\xampp\htdocs\Live-Coding\app\Views\pages\home.php(19): CodeIgniter\View\View->endSection()
#1 C:\xampp\htdocs\Live-Coding\system\View\View.php(210): include('C:\\xampp\\htdocs...')
#2 C:\xampp\htdocs\Live-Coding\system\View\View.php(213): CodeIgniter\View\View->CodeIgniter\View\{closure}()
#3 C:\xampp\htdocs\Live-Coding\system\Common.php(1089): CodeIgniter\View\View->render('pages/home', Array, true)
#4 C:\xampp\htdocs\Live-Coding\app\Controllers\Pages.php(13): view('pages/home', Array)
#5 C:\xampp\htdocs\Live-Coding\system\CodeIgniter.php(832): App\Controllers\Pages->index()
#6 C:\xampp\htdocs\Live-Coding\system\CodeIgniter.php(419): CodeIgniter\CodeIgniter->runController(Object(App\Controllers\Pages))
#7 C:\xampp\htdocs\Live-Coding\system\CodeIgniter.php(326): CodeIgniter\CodeIgniter->handleRequest(NULL, Object(Config\Cache), false)
#8 C:\xampp\htdocs\Live-Coding\public\index.php(37): CodeIgniter\CodeIgniter->run()
#9 C:\xampp\htdocs\Live-Coding\system\Commands\Server\rewrite.php(43): require_once('C:\\xampp\\htdocs...')
#10 {main}
CRITICAL - 2022-03-23 03:18:05 --> Invalid file: layout/template.php
#0 C:\xampp\htdocs\Live-Coding\system\View\View.php(198): CodeIgniter\Exceptions\FrameworkException::forInvalidFile('layout/template...')
#1 C:\xampp\htdocs\Live-Coding\system\View\View.php(226): CodeIgniter\View\View->render('layout/template', Array, true)
#2 C:\xampp\htdocs\Live-Coding\system\Common.php(1089): CodeIgniter\View\View->render('pages/home', Array, true)
#3 C:\xampp\htdocs\Live-Coding\app\Controllers\Pages.php(13): view('pages/home', Array)
#4 C:\xampp\htdocs\Live-Coding\system\CodeIgniter.php(832): App\Controllers\Pages->index()
#5 C:\xampp\htdocs\Live-Coding\system\CodeIgniter.php(419): CodeIgniter\CodeIgniter->runController(Object(App\Controllers\Pages))
#6 C:\xampp\htdocs\Live-Coding\system\CodeIgniter.php(326): CodeIgniter\CodeIgniter->handleRequest(NULL, Object(Config\Cache), false)
#7 C:\xampp\htdocs\Live-Coding\public\index.php(37): CodeIgniter\CodeIgniter->run()
#8 C:\xampp\htdocs\Live-Coding\system\Commands\Server\rewrite.php(43): require_once('C:\\xampp\\htdocs...')
#9 {main}
CRITICAL - 2022-03-23 03:18:06 --> Invalid file: layout/template.php
#0 C:\xampp\htdocs\Live-Coding\system\View\View.php(198): CodeIgniter\Exceptions\FrameworkException::forInvalidFile('layout/template...')
#1 C:\xampp\htdocs\Live-Coding\system\View\View.php(226): CodeIgniter\View\View->render('layout/template', Array, true)
#2 C:\xampp\htdocs\Live-Coding\system\Common.php(1089): CodeIgniter\View\View->render('pages/home', Array, true)
#3 C:\xampp\htdocs\Live-Coding\app\Controllers\Pages.php(13): view('pages/home', Array)
#4 C:\xampp\htdocs\Live-Coding\system\CodeIgniter.php(832): App\Controllers\Pages->index()
#5 C:\xampp\htdocs\Live-Coding\system\CodeIgniter.php(419): CodeIgniter\CodeIgniter->runController(Object(App\Controllers\Pages))
#6 C:\xampp\htdocs\Live-Coding\system\CodeIgniter.php(326): CodeIgniter\CodeIgniter->handleRequest(NULL, Object(Config\Cache), false)
#7 C:\xampp\htdocs\Live-Coding\public\index.php(37): CodeIgniter\CodeIgniter->run()
#8 C:\xampp\htdocs\Live-Coding\system\Commands\Server\rewrite.php(43): require_once('C:\\xampp\\htdocs...')
#9 {main}
CRITICAL - 2022-03-23 03:18:07 --> Invalid file: layout/template.php
#0 C:\xampp\htdocs\Live-Coding\system\View\View.php(198): CodeIgniter\Exceptions\FrameworkException::forInvalidFile('layout/template...')
#1 C:\xampp\htdocs\Live-Coding\system\View\View.php(226): CodeIgniter\View\View->render('layout/template', Array, true)
#2 C:\xampp\htdocs\Live-Coding\system\Common.php(1089): CodeIgniter\View\View->render('pages/home', Array, true)
#3 C:\xampp\htdocs\Live-Coding\app\Controllers\Pages.php(13): view('pages/home', Array)
#4 C:\xampp\htdocs\Live-Coding\system\CodeIgniter.php(832): App\Controllers\Pages->index()
#5 C:\xampp\htdocs\Live-Coding\system\CodeIgniter.php(419): CodeIgniter\CodeIgniter->runController(Object(App\Controllers\Pages))
#6 C:\xampp\htdocs\Live-Coding\system\CodeIgniter.php(326): CodeIgniter\CodeIgniter->handleRequest(NULL, Object(Config\Cache), false)
#7 C:\xampp\htdocs\Live-Coding\public\index.php(37): CodeIgniter\CodeIgniter->run()
#8 C:\xampp\htdocs\Live-Coding\system\Commands\Server\rewrite.php(43): require_once('C:\\xampp\\htdocs...')
#9 {main}
CRITICAL - 2022-03-23 03:18:07 --> Invalid file: layout/template.php
#0 C:\xampp\htdocs\Live-Coding\system\View\View.php(198): CodeIgniter\Exceptions\FrameworkException::forInvalidFile('layout/template...')
#1 C:\xampp\htdocs\Live-Coding\system\View\View.php(226): CodeIgniter\View\View->render('layout/template', Array, true)
#2 C:\xampp\htdocs\Live-Coding\system\Common.php(1089): CodeIgniter\View\View->render('pages/home', Array, true)
#3 C:\xampp\htdocs\Live-Coding\app\Controllers\Pages.php(13): view('pages/home', Array)
#4 C:\xampp\htdocs\Live-Coding\system\CodeIgniter.php(832): App\Controllers\Pages->index()
#5 C:\xampp\htdocs\Live-Coding\system\CodeIgniter.php(419): CodeIgniter\CodeIgniter->runController(Object(App\Controllers\Pages))
#6 C:\xampp\htdocs\Live-Coding\system\CodeIgniter.php(326): CodeIgniter\CodeIgniter->handleRequest(NULL, Object(Config\Cache), false)
#7 C:\xampp\htdocs\Live-Coding\public\index.php(37): CodeIgniter\CodeIgniter->run()
#8 C:\xampp\htdocs\Live-Coding\system\Commands\Server\rewrite.php(43): require_once('C:\\xampp\\htdocs...')
#9 {main}
CRITICAL - 2022-03-23 03:18:07 --> Invalid file: layout/template.php
#0 C:\xampp\htdocs\Live-Coding\system\View\View.php(198): CodeIgniter\Exceptions\FrameworkException::forInvalidFile('layout/template...')
#1 C:\xampp\htdocs\Live-Coding\system\View\View.php(226): CodeIgniter\View\View->render('layout/template', Array, true)
#2 C:\xampp\htdocs\Live-Coding\system\Common.php(1089): CodeIgniter\View\View->render('pages/home', Array, true)
#3 C:\xampp\htdocs\Live-Coding\app\Controllers\Pages.php(13): view('pages/home', Array)
#4 C:\xampp\htdocs\Live-Coding\system\CodeIgniter.php(832): App\Controllers\Pages->index()
#5 C:\xampp\htdocs\Live-Coding\system\CodeIgniter.php(419): CodeIgniter\CodeIgniter->runController(Object(App\Controllers\Pages))
#6 C:\xampp\htdocs\Live-Coding\system\CodeIgniter.php(326): CodeIgniter\CodeIgniter->handleRequest(NULL, Object(Config\Cache), false)
#7 C:\xampp\htdocs\Live-Coding\public\index.php(37): CodeIgniter\CodeIgniter->run()
#8 C:\xampp\htdocs\Live-Coding\system\Commands\Server\rewrite.php(43): require_once('C:\\xampp\\htdocs...')
#9 {main}
CRITICAL - 2022-03-23 03:20:20 --> Class "App\Models\PinjamlabModel" not found
#0 C:\xampp\htdocs\Live-Coding\system\CodeIgniter.php(809): App\Controllers\Pinjamlab->__construct()
#1 C:\xampp\htdocs\Live-Coding\system\CodeIgniter.php(410): CodeIgniter\CodeIgniter->createController()
#2 C:\xampp\htdocs\Live-Coding\system\CodeIgniter.php(326): CodeIgniter\CodeIgniter->handleRequest(NULL, Object(Config\Cache), false)
#3 C:\xampp\htdocs\Live-Coding\public\index.php(37): CodeIgniter\CodeIgniter->run()
#4 C:\xampp\htdocs\Live-Coding\system\Commands\Server\rewrite.php(43): require_once('C:\\xampp\\htdocs...')
#5 {main}
CRITICAL - 2022-03-23 03:20:51 --> Class "App\Models\PinjamlabModel" not found
#0 C:\xampp\htdocs\Live-Coding\system\CodeIgniter.php(809): App\Controllers\Pinjamlab->__construct()
#1 C:\xampp\htdocs\Live-Coding\system\CodeIgniter.php(410): CodeIgniter\CodeIgniter->createController()
#2 C:\xampp\htdocs\Live-Coding\system\CodeIgniter.php(326): CodeIgniter\CodeIgniter->handleRequest(NULL, Object(Config\Cache), false)
#3 C:\xampp\htdocs\Live-Coding\public\index.php(37): CodeIgniter\CodeIgniter->run()
#4 C:\xampp\htdocs\Live-Coding\system\Commands\Server\rewrite.php(43): require_once('C:\\xampp\\htdocs...')
#5 {main}
CRITICAL - 2022-03-23 03:20:51 --> Class "App\Models\PinjamlabModel" not found
#0 C:\xampp\htdocs\Live-Coding\system\CodeIgniter.php(809): App\Controllers\Pinjamlab->__construct()
#1 C:\xampp\htdocs\Live-Coding\system\CodeIgniter.php(410): CodeIgniter\CodeIgniter->createController()
#2 C:\xampp\htdocs\Live-Coding\system\CodeIgniter.php(326): CodeIgniter\CodeIgniter->handleRequest(NULL, Object(Config\Cache), false)
#3 C:\xampp\htdocs\Live-Coding\public\index.php(37): CodeIgniter\CodeIgniter->run()
#4 C:\xampp\htdocs\Live-Coding\system\Commands\Server\rewrite.php(43): require_once('C:\\xampp\\htdocs...')
#5 {main}
CRITICAL - 2022-03-23 03:21:55 --> Invalid file: layout/template.php
#0 C:\xampp\htdocs\Live-Coding\system\View\View.php(198): CodeIgniter\Exceptions\FrameworkException::forInvalidFile('layout/template...')
#1 C:\xampp\htdocs\Live-Coding\system\View\View.php(226): CodeIgniter\View\View->render('layout/template', Array, true)
#2 C:\xampp\htdocs\Live-Coding\system\Common.php(1089): CodeIgniter\View\View->render('pinjamlab/index', Array, true)
#3 C:\xampp\htdocs\Live-Coding\app\Controllers\Pinjamlab.php(26): view('pinjamlab/index', Array)
#4 C:\xampp\htdocs\Live-Coding\system\CodeIgniter.php(832): App\Controllers\Pinjamlab->index()
#5 C:\xampp\htdocs\Live-Coding\system\CodeIgniter.php(419): CodeIgniter\CodeIgniter->runController(Object(App\Controllers\Pinjamlab))
#6 C:\xampp\htdocs\Live-Coding\system\CodeIgniter.php(326): CodeIgniter\CodeIgniter->handleRequest(NULL, Object(Config\Cache), false)
#7 C:\xampp\htdocs\Live-Coding\public\index.php(37): CodeIgniter\CodeIgniter->run()
#8 C:\xampp\htdocs\Live-Coding\system\Commands\Server\rewrite.php(43): require_once('C:\\xampp\\htdocs...')
#9 {main}
CRITICAL - 2022-03-23 03:21:56 --> Invalid file: layout/template.php
#0 C:\xampp\htdocs\Live-Coding\system\View\View.php(198): CodeIgniter\Exceptions\FrameworkException::forInvalidFile('layout/template...')
#1 C:\xampp\htdocs\Live-Coding\system\View\View.php(226): CodeIgniter\View\View->render('layout/template', Array, true)
#2 C:\xampp\htdocs\Live-Coding\system\Common.php(1089): CodeIgniter\View\View->render('pinjamlab/index', Array, true)
#3 C:\xampp\htdocs\Live-Coding\app\Controllers\Pinjamlab.php(26): view('pinjamlab/index', Array)
#4 C:\xampp\htdocs\Live-Coding\system\CodeIgniter.php(832): App\Controllers\Pinjamlab->index()
#5 C:\xampp\htdocs\Live-Coding\system\CodeIgniter.php(419): CodeIgniter\CodeIgniter->runController(Object(App\Controllers\Pinjamlab))
#6 C:\xampp\htdocs\Live-Coding\system\CodeIgniter.php(326): CodeIgniter\CodeIgniter->handleRequest(NULL, Object(Config\Cache), false)
#7 C:\xampp\htdocs\Live-Coding\public\index.php(37): CodeIgniter\CodeIgniter->run()
#8 C:\xampp\htdocs\Live-Coding\system\Commands\Server\rewrite.php(43): require_once('C:\\xampp\\htdocs...')
#9 {main}
CRITICAL - 2022-03-23 03:21:57 --> Invalid file: layout/template.php
#0 C:\xampp\htdocs\Live-Coding\system\View\View.php(198): CodeIgniter\Exceptions\FrameworkException::forInvalidFile('layout/template...')
#1 C:\xampp\htdocs\Live-Coding\system\View\View.php(226): CodeIgniter\View\View->render('layout/template', Array, true)
#2 C:\xampp\htdocs\Live-Coding\system\Common.php(1089): CodeIgniter\View\View->render('pinjamlab/index', Array, true)
#3 C:\xampp\htdocs\Live-Coding\app\Controllers\Pinjamlab.php(26): view('pinjamlab/index', Array)
#4 C:\xampp\htdocs\Live-Coding\system\CodeIgniter.php(832): App\Controllers\Pinjamlab->index()
#5 C:\xampp\htdocs\Live-Coding\system\CodeIgniter.php(419): CodeIgniter\CodeIgniter->runController(Object(App\Controllers\Pinjamlab))
#6 C:\xampp\htdocs\Live-Coding\system\CodeIgniter.php(326): CodeIgniter\CodeIgniter->handleRequest(NULL, Object(Config\Cache), false)
#7 C:\xampp\htdocs\Live-Coding\public\index.php(37): CodeIgniter\CodeIgniter->run()
#8 C:\xampp\htdocs\Live-Coding\system\Commands\Server\rewrite.php(43): require_once('C:\\xampp\\htdocs...')
#9 {main}
CRITICAL - 2022-03-23 03:21:57 --> Invalid file: layout/template.php
#0 C:\xampp\htdocs\Live-Coding\system\View\View.php(198): CodeIgniter\Exceptions\FrameworkException::forInvalidFile('layout/template...')
#1 C:\xampp\htdocs\Live-Coding\system\View\View.php(226): CodeIgniter\View\View->render('layout/template', Array, true)
#2 C:\xampp\htdocs\Live-Coding\system\Common.php(1089): CodeIgniter\View\View->render('pinjamlab/index', Array, true)
#3 C:\xampp\htdocs\Live-Coding\app\Controllers\Pinjamlab.php(26): view('pinjamlab/index', Array)
#4 C:\xampp\htdocs\Live-Coding\system\CodeIgniter.php(832): App\Controllers\Pinjamlab->index()
#5 C:\xampp\htdocs\Live-Coding\system\CodeIgniter.php(419): CodeIgniter\CodeIgniter->runController(Object(App\Controllers\Pinjamlab))
#6 C:\xampp\htdocs\Live-Coding\system\CodeIgniter.php(326): CodeIgniter\CodeIgniter->handleRequest(NULL, Object(Config\Cache), false)
#7 C:\xampp\htdocs\Live-Coding\public\index.php(37): CodeIgniter\CodeIgniter->run()
#8 C:\xampp\htdocs\Live-Coding\system\Commands\Server\rewrite.php(43): require_once('C:\\xampp\\htdocs...')
#9 {main}
CRITICAL - 2022-03-23 03:21:57 --> Invalid file: layout/template.php
#0 C:\xampp\htdocs\Live-Coding\system\View\View.php(198): CodeIgniter\Exceptions\FrameworkException::forInvalidFile('layout/template...')
#1 C:\xampp\htdocs\Live-Coding\system\View\View.php(226): CodeIgniter\View\View->render('layout/template', Array, true)
#2 C:\xampp\htdocs\Live-Coding\system\Common.php(1089): CodeIgniter\View\View->render('pinjamlab/index', Array, true)
#3 C:\xampp\htdocs\Live-Coding\app\Controllers\Pinjamlab.php(26): view('pinjamlab/index', Array)
#4 C:\xampp\htdocs\Live-Coding\system\CodeIgniter.php(832): App\Controllers\Pinjamlab->index()
#5 C:\xampp\htdocs\Live-Coding\system\CodeIgniter.php(419): CodeIgniter\CodeIgniter->runController(Object(App\Controllers\Pinjamlab))
#6 C:\xampp\htdocs\Live-Coding\system\CodeIgniter.php(326): CodeIgniter\CodeIgniter->handleRequest(NULL, Object(Config\Cache), false)
#7 C:\xampp\htdocs\Live-Coding\public\index.php(37): CodeIgniter\CodeIgniter->run()
#8 C:\xampp\htdocs\Live-Coding\system\Commands\Server\rewrite.php(43): require_once('C:\\xampp\\htdocs...')
#9 {main}
CRITICAL - 2022-03-23 03:21:57 --> Invalid file: layout/template.php
#0 C:\xampp\htdocs\Live-Coding\system\View\View.php(198): CodeIgniter\Exceptions\FrameworkException::forInvalidFile('layout/template...')
#1 C:\xampp\htdocs\Live-Coding\system\View\View.php(226): CodeIgniter\View\View->render('layout/template', Array, true)
#2 C:\xampp\htdocs\Live-Coding\system\Common.php(1089): CodeIgniter\View\View->render('pinjamlab/index', Array, true)
#3 C:\xampp\htdocs\Live-Coding\app\Controllers\Pinjamlab.php(26): view('pinjamlab/index', Array)
#4 C:\xampp\htdocs\Live-Coding\system\CodeIgniter.php(832): App\Controllers\Pinjamlab->index()
#5 C:\xampp\htdocs\Live-Coding\system\CodeIgniter.php(419): CodeIgniter\CodeIgniter->runController(Object(App\Controllers\Pinjamlab))
#6 C:\xampp\htdocs\Live-Coding\system\CodeIgniter.php(326): CodeIgniter\CodeIgniter->handleRequest(NULL, Object(Config\Cache), false)
#7 C:\xampp\htdocs\Live-Coding\public\index.php(37): CodeIgniter\CodeIgniter->run()
#8 C:\xampp\htdocs\Live-Coding\system\Commands\Server\rewrite.php(43): require_once('C:\\xampp\\htdocs...')
#9 {main}
CRITICAL - 2022-03-23 03:21:58 --> Invalid file: layout/template.php
#0 C:\xampp\htdocs\Live-Coding\system\View\View.php(198): CodeIgniter\Exceptions\FrameworkException::forInvalidFile('layout/template...')
#1 C:\xampp\htdocs\Live-Coding\system\View\View.php(226): CodeIgniter\View\View->render('layout/template', Array, true)
#2 C:\xampp\htdocs\Live-Coding\system\Common.php(1089): CodeIgniter\View\View->render('pinjamlab/index', Array, true)
#3 C:\xampp\htdocs\Live-Coding\app\Controllers\Pinjamlab.php(26): view('pinjamlab/index', Array)
#4 C:\xampp\htdocs\Live-Coding\system\CodeIgniter.php(832): App\Controllers\Pinjamlab->index()
#5 C:\xampp\htdocs\Live-Coding\system\CodeIgniter.php(419): CodeIgniter\CodeIgniter->runController(Object(App\Controllers\Pinjamlab))
#6 C:\xampp\htdocs\Live-Coding\system\CodeIgniter.php(326): CodeIgniter\CodeIgniter->handleRequest(NULL, Object(Config\Cache), false)
#7 C:\xampp\htdocs\Live-Coding\public\index.php(37): CodeIgniter\CodeIgniter->run()
#8 C:\xampp\htdocs\Live-Coding\system\Commands\Server\rewrite.php(43): require_once('C:\\xampp\\htdocs...')
#9 {main}
CRITICAL - 2022-03-23 03:21:58 --> Invalid file: layout/template.php
#0 C:\xampp\htdocs\Live-Coding\system\View\View.php(198): CodeIgniter\Exceptions\FrameworkException::forInvalidFile('layout/template...')
#1 C:\xampp\htdocs\Live-Coding\system\View\View.php(226): CodeIgniter\View\View->render('layout/template', Array, true)
#2 C:\xampp\htdocs\Live-Coding\system\Common.php(1089): CodeIgniter\View\View->render('pinjamlab/index', Array, true)
#3 C:\xampp\htdocs\Live-Coding\app\Controllers\Pinjamlab.php(26): view('pinjamlab/index', Array)
#4 C:\xampp\htdocs\Live-Coding\system\CodeIgniter.php(832): App\Controllers\Pinjamlab->index()
#5 C:\xampp\htdocs\Live-Coding\system\CodeIgniter.php(419): CodeIgniter\CodeIgniter->runController(Object(App\Controllers\Pinjamlab))
#6 C:\xampp\htdocs\Live-Coding\system\CodeIgniter.php(326): CodeIgniter\CodeIgniter->handleRequest(NULL, Object(Config\Cache), false)
#7 C:\xampp\htdocs\Live-Coding\public\index.php(37): CodeIgniter\CodeIgniter->run()
#8 C:\xampp\htdocs\Live-Coding\system\Commands\Server\rewrite.php(43): require_once('C:\\xampp\\htdocs...')
#9 {main}
CRITICAL - 2022-03-23 03:21:58 --> Invalid file: layout/template.php
#0 C:\xampp\htdocs\Live-Coding\system\View\View.php(198): CodeIgniter\Exceptions\FrameworkException::forInvalidFile('layout/template...')
#1 C:\xampp\htdocs\Live-Coding\system\View\View.php(226): CodeIgniter\View\View->render('layout/template', Array, true)
#2 C:\xampp\htdocs\Live-Coding\system\Common.php(1089): CodeIgniter\View\View->render('pinjamlab/index', Array, true)
#3 C:\xampp\htdocs\Live-Coding\app\Controllers\Pinjamlab.php(26): view('pinjamlab/index', Array)
#4 C:\xampp\htdocs\Live-Coding\system\CodeIgniter.php(832): App\Controllers\Pinjamlab->index()
#5 C:\xampp\htdocs\Live-Coding\system\CodeIgniter.php(419): CodeIgniter\CodeIgniter->runController(Object(App\Controllers\Pinjamlab))
#6 C:\xampp\htdocs\Live-Coding\system\CodeIgniter.php(326): CodeIgniter\CodeIgniter->handleRequest(NULL, Object(Config\Cache), false)
#7 C:\xampp\htdocs\Live-Coding\public\index.php(37): CodeIgniter\CodeIgniter->run()
#8 C:\xampp\htdocs\Live-Coding\system\Commands\Server\rewrite.php(43): require_once('C:\\xampp\\htdocs...')
#9 {main}
